Using pre-set license
Built from '2021.3/staging' branch; Version is '2021.3.5f1 (40eb3a945986) revision 4254522'; Using compiler version '192829333'; Build Type 'Release'
OS: 'Windows 10  (10.0.18363) 64bit Professional' Language: 'ru' Physical Memory: 11724 MB
BatchMode: 1, IsHumanControllingUs: 0, StartBugReporterOnCrash: 0, Is64bit: 1, IsPro: 1

COMMAND LINE ARGUMENTS:
C:\Program Files\Unity 2021.3.5f1\Editor\Unity.exe
-adb2
-batchMode
-noUpm
-name
AssetImportWorker2
-projectPath
C:/Users/Admin/Documents/Марцинкевич Иван/My project
-logFile
Logs/AssetImportWorker2.log
-srvPort
64770
Successfully changed project path to: C:/Users/Admin/Documents/Марцинкевич Иван/My project
C:/Users/Admin/Documents/Марцинкевич Иван/My project
[UnityMemory] Configuration Parameters - Can be set up in boot.config
    "memorysetup-bucket-allocator-granularity=16"
    "memorysetup-bucket-allocator-bucket-count=8"
    "memorysetup-bucket-allocator-block-size=33554432"
    "memorysetup-bucket-allocator-block-count=8"
    "memorysetup-main-allocator-block-size=16777216"
    "memorysetup-thread-allocator-block-size=16777216"
    "memorysetup-gfx-main-allocator-block-size=16777216"
    "memorysetup-gfx-thread-allocator-block-size=16777216"
    "memorysetup-cache-allocator-block-size=4194304"
    "memorysetup-typetree-allocator-block-size=2097152"
    "memorysetup-profiler-bucket-allocator-granularity=16"
    "memorysetup-profiler-bucket-allocator-bucket-count=8"
    "memorysetup-profiler-bucket-allocator-block-size=33554432"
    "memorysetup-profiler-bucket-allocator-block-count=8"
    "memorysetup-profiler-allocator-block-size=16777216"
    "memorysetup-profiler-editor-allocator-block-size=1048576"
    "memorysetup-temp-allocator-size-main=16777216"
    "memorysetup-job-temp-allocator-block-size=2097152"
    "memorysetup-job-temp-allocator-block-size-background=1048576"
    "memorysetup-job-temp-allocator-reduction-small-platforms=262144"
    "memorysetup-temp-allocator-size-background-worker=32768"
    "memorysetup-temp-allocator-size-job-worker=262144"
    "memorysetup-temp-allocator-size-preload-manager=33554432"
    "memorysetup-temp-allocator-size-nav-mesh-worker=65536"
    "memorysetup-temp-allocator-size-audio-worker=65536"
    "memorysetup-temp-allocator-size-cloud-worker=32768"
    "memorysetup-temp-allocator-size-gi-baking-worker=262144"
    "memorysetup-temp-allocator-size-gfx=262144"
Refreshing native plugins compatible for Editor in 230.02 ms, found 3 plugins.
Preloading 0 native plugins for Editor in 0.00 ms.
Initialize engine version: 2021.3.5f1 (40eb3a945986)
[Subsystems] Discovering subsystems at path C:/Program Files/Unity 2021.3.5f1/Editor/Data/Resources/UnitySubsystems
[Subsystems] Discovering subsystems at path C:/Users/Admin/Documents/Марцинкевич Иван/My project/Assets
GfxDevice: creating device client; threaded=0; jobified=0
Direct3D:
    Version:  Direct3D 11.0 [level 11.1]
    Renderer: AMD Radeon R6 Graphics (ID=0x9874)
    Vendor:   ATI
    VRAM:     5862 MB
    Driver:   27.20.1034.6
Initialize mono
Mono path[0] = 'C:/Program Files/Unity 2021.3.5f1/Editor/Data/Managed'
Mono path[1] = 'C:/Program Files/Unity 2021.3.5f1/Editor/Data/MonoBleedingEdge/lib/mono/unityjit-win32'
Mono config path = 'C:/Program Files/Unity 2021.3.5f1/Editor/Data/MonoBleedingEdge/etc'
Using monoOptions --debugger-agent=transport=dt_socket,embedding=1,server=y,suspend=n,address=127.0.0.1:56112
Begin MonoManager ReloadAssembly
Registering precompiled unity dll's ...
Register platform support module: C:/Program Files/Unity 2021.3.5f1/Editor/Data/PlaybackEngines/WindowsStandaloneSupport/UnityEditor.WindowsStandalone.Extensions.dll
Registered in 0.006107 seconds.
Native extension for WindowsStandalone target not found
Refreshing native plugins compatible for Editor in 206.67 ms, found 3 plugins.
Preloading 0 native plugins for Editor in 0.00 ms.
Mono: successfully reloaded assembly
- Completed reload, in  1.847 seconds
Domain Reload Profiling:
	ReloadAssembly (1849ms)
		BeginReloadAssembly (241ms)
			ExecutionOrderSort (0ms)
			DisableScriptedObjects (0ms)
			BackupInstance (0ms)
			ReleaseScriptingObjects (0ms)
			CreateAndSetChildDomain (2ms)
		EndReloadAssembly (1320ms)
			LoadAssemblies (238ms)
			RebuildTransferFunctionScriptingTraits (0ms)
			SetupTypeCache (314ms)
			ReleaseScriptCaches (0ms)
			RebuildScriptCaches (92ms)
			SetupLoadedEditorAssemblies (775ms)
				LogAssemblyErrors (0ms)
				InitializePlatformSupportModulesInManaged (21ms)
				SetLoadedEditorAssemblies (1ms)
				RefreshPlugins (207ms)
				BeforeProcessingInitializeOnLoad (4ms)
				ProcessInitializeOnLoadAttributes (395ms)
				ProcessInitializeOnLoadMethodAttributes (147ms)
				AfterProcessingInitializeOnLoad (0ms)
				EditorAssembliesLoaded (0ms)
			ExecutionOrderSort2 (0ms)
			AwakeInstancesAfterBackupRestoration (0ms)
Platform modules already initialized, skipping
Registering precompiled user dll's ...
Registered in 0.013178 seconds.
Begin MonoManager ReloadAssembly
Symbol file LoadedFromMemory doesn't match image C:\Users\Admin\Documents\Марцинкевич Иван\My project\Library\PackageCache\com.unity.visualscripting@1.7.8\Editor\VisualScripting.Core\Dependencies\YamlDotNet\Unity.VisualScripting.YamlDotNet.dll
Symbol file LoadedFromMemory doesn't match image C:\Users\Admin\Documents\Марцинкевич Иван\My project\Library\PackageCache\com.unity.visualscripting@1.7.8\Editor\VisualScripting.Core\Dependencies\DotNetZip\Unity.VisualScripting.IonicZip.dll
Native extension for WindowsStandalone target not found
Refreshing native plugins compatible for Editor in 1.77 ms, found 3 plugins.
Preloading 0 native plugins for Editor in 0.00 ms.
Mono: successfully reloaded assembly
- Completed reload, in  3.197 seconds
Domain Reload Profiling:
	ReloadAssembly (3199ms)
		BeginReloadAssembly (296ms)
			ExecutionOrderSort (0ms)
			DisableScriptedObjects (15ms)
			BackupInstance (0ms)
			ReleaseScriptingObjects (0ms)
			CreateAndSetChildDomain (54ms)
		EndReloadAssembly (2475ms)
			LoadAssemblies (221ms)
			RebuildTransferFunctionScriptingTraits (0ms)
			SetupTypeCache (842ms)
			ReleaseScriptCaches (2ms)
			RebuildScriptCaches (215ms)
			SetupLoadedEditorAssemblies (996ms)
				LogAssemblyErrors (0ms)
				InitializePlatformSupportModulesInManaged (13ms)
				SetLoadedEditorAssemblies (2ms)
				RefreshPlugins (2ms)
				BeforeProcessingInitializeOnLoad (225ms)
				ProcessInitializeOnLoadAttributes (659ms)
				ProcessInitializeOnLoadMethodAttributes (87ms)
				AfterProcessingInitializeOnLoad (8ms)
				EditorAssembliesLoaded (0ms)
			ExecutionOrderSort2 (0ms)
			AwakeInstancesAfterBackupRestoration (16ms)
Platform modules already initialized, skipping
========================================================================
Worker process is ready to serve import requests
Launched and connected shader compiler UnityShaderCompiler.exe after 0.09 seconds
Refreshing native plugins compatible for Editor in 1.32 ms, found 3 plugins.
Preloading 0 native plugins for Editor in 0.00 ms.
Unloading 3394 Unused Serialized files (Serialized files now loaded: 0)
Unloading 27 unused Assets / (111.6 KB). Loaded Objects now: 3872.
Memory consumption went from 148.3 MB to 148.2 MB.
Total: 8.011200 ms (FindLiveObjects: 0.635700 ms CreateObjectMapping: 0.347900 ms MarkObjects: 6.654300 ms  DeleteObjects: 0.368700 ms)

AssetImportParameters requested are different than current active one (requested -> active):
  custom:video-decoder-ogg-theora: a1e56fd34408186e4bbccfd4996cb3dc -> 
  custom:container-muxer-webm: aa71ff27fc2769a1b78a27578f13a17b -> 
  custom:container-demuxer-webm: 4f35f7cbe854078d1ac9338744f61a02 -> 
  custom:video-encoder-webm-vp8: eb34c28f22e8b96e1ab97ce403110664 -> 
  custom:audio-encoder-webm-vorbis: bf7c407c2cedff20999df2af8eb42d56 -> 
  custom:framework-win-MediaFoundation: 216162199b28c13a410421893ffa2e32 -> 
  custom:SearchIndexIgnoredProperties: e643bd26f0fe6173181afceb89e7c659 -> 
  custom:container-demuxer-ogg: 62fdf1f143b41e24485cea50d1cbac27 -> 
  custom:video-decoder-webm-vp8: 9c59270c3fd7afecdb556c50c9e8de78 -> 
  custom:audio-decoder-ogg-vorbis: bf7c407c2cedff20999df2af8eb42d56 -> 
========================================================================
Received Import Request.
  Time since last request: 3490.762255 seconds.
  path: Assets/AQUAS-Lite/Textures/Waves_HiRes.png
  artifactKey: Guid(0d05b23ea2d999b47825c6c522e25adc) Importer(815301076,1909f56bfc062723c751e8b465ee728b)
Start importing Assets/AQUAS-Lite/Textures/Waves_HiRes.png using Guid(0d05b23ea2d999b47825c6c522e25adc) Importer(815301076,1909f56bfc062723c751e8b465ee728b)  -> (artifact id: '80b41e0c1022e5bbf85e362abc2b89b6') in 0.344675 seconds 
========================================================================
Received Import Request.
  Time since last request: 208.011735 seconds.
  path: Assets/AQUAS-Lite/Models/Materials/WaterSimpleDaylight.mat
  artifactKey: Guid(cb6f3344386d8b44ea69a4d8c453389b) Importer(815301076,1909f56bfc062723c751e8b465ee728b)
Start importing Assets/AQUAS-Lite/Models/Materials/WaterSimpleDaylight.mat using Guid(cb6f3344386d8b44ea69a4d8c453389b) Importer(815301076,1909f56bfc062723c751e8b465ee728b)  -> (artifact id: '26c3866e4afeaac44fa71917ed8ae148') in 0.310022 seconds 
========================================================================
Received Import Request.
  Time since last request: 50.728629 seconds.
  path: Assets/Lantern/Art/Models/Materials/Glass2.mat
  artifactKey: Guid(88a19bb01034d1d43af483d0d1f8f5f6) Importer(815301076,1909f56bfc062723c751e8b465ee728b)
Start importing Assets/Lantern/Art/Models/Materials/Glass2.mat using Guid(88a19bb01034d1d43af483d0d1f8f5f6) Importer(815301076,1909f56bfc062723c751e8b465ee728b)  -> (artifact id: 'c8fc5c2f7e6c7d6417c6023f27cd6577') in 0.047843 seconds 
========================================================================
Received Import Request.
  Time since last request: 0.000077 seconds.
  path: Assets/Lantern/Art/Textures/Glass2.mat
  artifactKey: Guid(d42d8fdd97de9f546a90efec90ea8100) Importer(815301076,1909f56bfc062723c751e8b465ee728b)
Start importing Assets/Lantern/Art/Textures/Glass2.mat using Guid(d42d8fdd97de9f546a90efec90ea8100) Importer(815301076,1909f56bfc062723c751e8b465ee728b)  -> (artifact id: '0860f74a9c0981b1fe7108e28cea17db') in 0.033961 seconds 
========================================================================
Received Import Request.
  Time since last request: 0.000093 seconds.
  path: Assets/Lantern/Art/Materials/Lamp2colormap.mat
  artifactKey: Guid(b5468ab085cc2a04b8f560aff873e193) Importer(815301076,1909f56bfc062723c751e8b465ee728b)
Start importing Assets/Lantern/Art/Materials/Lamp2colormap.mat using Guid(b5468ab085cc2a04b8f560aff873e193) Importer(815301076,1909f56bfc062723c751e8b465ee728b)  -> (artifact id: '031ceead850b3f8785ad28dba6b5071c') in 0.068862 seconds 
========================================================================
Received Import Request.
  Time since last request: 0.197474 seconds.
  path: Assets/CampFire/Materials/CartoonStone.mat
  artifactKey: Guid(c2172d9a43c18b247ba3638079de30a1) Importer(815301076,1909f56bfc062723c751e8b465ee728b)
Start importing Assets/CampFire/Materials/CartoonStone.mat using Guid(c2172d9a43c18b247ba3638079de30a1) Importer(815301076,1909f56bfc062723c751e8b465ee728b)  -> (artifact id: 'ba493746dc29bf6901770d2b788acb60') in 0.049612 seconds 
========================================================================
Received Import Request.
  Time since last request: 0.000065 seconds.
  path: Assets/Lantern/Art/Materials/CarvedLampPost2.mat
  artifactKey: Guid(01417397b4060a84dabece89e51fb467) Importer(815301076,1909f56bfc062723c751e8b465ee728b)
Start importing Assets/Lantern/Art/Materials/CarvedLampPost2.mat using Guid(01417397b4060a84dabece89e51fb467) Importer(815301076,1909f56bfc062723c751e8b465ee728b)  -> (artifact id: 'd84fec225a39df509cc651263158a555') in 0.063343 seconds 
========================================================================
Received Import Request.
  Time since last request: 0.000090 seconds.
  path: Assets/CampFire/Materials/CartoonWood.mat
  artifactKey: Guid(4b5876bd4cc962a4a954279e911e2d70) Importer(815301076,1909f56bfc062723c751e8b465ee728b)
Start importing Assets/CampFire/Materials/CartoonWood.mat using Guid(4b5876bd4cc962a4a954279e911e2d70) Importer(815301076,1909f56bfc062723c751e8b465ee728b)  -> (artifact id: 'c9e10e156e9fdbe8df9d1b76d8fce37e') in 0.042459 seconds 
========================================================================
Received Import Request.
  Time since last request: 0.000092 seconds.
  path: Assets/Lantern/Art/Materials/CarvedLampPost.mat
  artifactKey: Guid(77d10d81f215eb34bba1e5cb65e39a24) Importer(815301076,1909f56bfc062723c751e8b465ee728b)
Start importing Assets/Lantern/Art/Materials/CarvedLampPost.mat using Guid(77d10d81f215eb34bba1e5cb65e39a24) Importer(815301076,1909f56bfc062723c751e8b465ee728b)  -> (artifact id: 'e525da41879d0c566a976dbbb6a48e3c') in 0.044851 seconds 
========================================================================
Received Import Request.
  Time since last request: 0.032907 seconds.
  path: Assets/Lantern/Art/Materials/Candle2_colormap.mat
  artifactKey: Guid(e8a238b982fb7d84483855148e713386) Importer(815301076,1909f56bfc062723c751e8b465ee728b)
Start importing Assets/Lantern/Art/Materials/Candle2_colormap.mat using Guid(e8a238b982fb7d84483855148e713386) Importer(815301076,1909f56bfc062723c751e8b465ee728b)  -> (artifact id: 'a157956d1647aacaa890ed15c55a41b0') in 0.035836 seconds 
========================================================================
Received Import Request.
  Time since last request: 0.000535 seconds.
  path: Assets/CampFire/Materials/CartoonCoal.mat
  artifactKey: Guid(1bdddf5550d44d941a0d4b7bc0acff95) Importer(815301076,1909f56bfc062723c751e8b465ee728b)
Start importing Assets/CampFire/Materials/CartoonCoal.mat using Guid(1bdddf5550d44d941a0d4b7bc0acff95) Importer(815301076,1909f56bfc062723c751e8b465ee728b)  -> (artifact id: '3c9dab9c609bbe927fcd1ec40218d785') in 0.037314 seconds 
========================================================================
Received Import Request.
  Time since last request: 0.000080 seconds.
  path: Assets/CampFire/Materials/CartoonGrass.mat
  artifactKey: Guid(c17c6a7a236367e46a189a70f45629df) Importer(815301076,1909f56bfc062723c751e8b465ee728b)
Start importing Assets/CampFire/Materials/CartoonGrass.mat using Guid(c17c6a7a236367e46a189a70f45629df) Importer(815301076,1909f56bfc062723c751e8b465ee728b)  -> (artifact id: 'a9ac0043b9f9727c1d48ac22455ea354') in 0.049202 seconds 
========================================================================
Received Import Request.
  Time since last request: 541.230943 seconds.
  path: Assets/CampfireCrackles.wav
  artifactKey: Guid(f15bce0deb307414986290aaa1a23349) Importer(815301076,1909f56bfc062723c751e8b465ee728b)
Start importing Assets/CampfireCrackles.wav using Guid(f15bce0deb307414986290aaa1a23349) Importer(815301076,1909f56bfc062723c751e8b465ee728b)  -> (artifact id: '8f540c7aa9510c254a761e1fdb8f9c75') in 0.077149 seconds 
========================================================================
Received Import Request.
  Time since last request: 0.348584 seconds.
  path: Assets/CampfireCrackles.wav
  artifactKey: Guid(f15bce0deb307414986290aaa1a23349) Importer(2089858483,0ecaa5967403d082aa24f35e1b516d23)
Start importing Assets/CampfireCrackles.wav using Guid(f15bce0deb307414986290aaa1a23349) Importer(2089858483,0ecaa5967403d082aa24f35e1b516d23) Generated GUIDs only implemented for interfaces!
 -> (artifact id: 'e457c2d1198fa819fcbcc5aee0cbf30f') in 0.462320 seconds 
========================================================================
Received Import Request.
  Time since last request: 164.072431 seconds.
  path: Assets/Mini First Person Controller/Audio/Crouch/Crouch end 1.wav
  artifactKey: Guid(aac7fe48a39af6e46a2d48c5d2655976) Importer(815301076,1909f56bfc062723c751e8b465ee728b)
Start importing Assets/Mini First Person Controller/Audio/Crouch/Crouch end 1.wav using Guid(aac7fe48a39af6e46a2d48c5d2655976) Importer(815301076,1909f56bfc062723c751e8b465ee728b)  -> (artifact id: 'd870e6ca47367ad29b9db9357c0a3be5') in 0.029311 seconds 
========================================================================
Received Import Request.
  Time since last request: 0.000055 seconds.
  path: Assets/Mini First Person Controller/Audio/Crouch/Crouch start 1.wav
  artifactKey: Guid(9b910aa79c186384cb17f28fad642b0a) Importer(815301076,1909f56bfc062723c751e8b465ee728b)
Start importing Assets/Mini First Person Controller/Audio/Crouch/Crouch start 1.wav using Guid(9b910aa79c186384cb17f28fad642b0a) Importer(815301076,1909f56bfc062723c751e8b465ee728b)  -> (artifact id: '34a8a7499f02c689be70242f4dc0b3b7') in 0.019599 seconds 
========================================================================
Received Import Request.
  Time since last request: 0.000046 seconds.
  path: Assets/Mini First Person Controller/Audio/Crouch/Crouch end 3.wav
  artifactKey: Guid(9d46f9a0e3e8be44aa2dc581bd6e0c97) Importer(815301076,1909f56bfc062723c751e8b465ee728b)
Start importing Assets/Mini First Person Controller/Audio/Crouch/Crouch end 3.wav using Guid(9d46f9a0e3e8be44aa2dc581bd6e0c97) Importer(815301076,1909f56bfc062723c751e8b465ee728b)  -> (artifact id: 'f19bb6593392b7723b3080d991cb85a9') in 0.027541 seconds 
========================================================================
Received Import Request.
  Time since last request: 0.000054 seconds.
  path: Assets/Mini First Person Controller/Audio/Crouch/Crouch start 3.wav
  artifactKey: Guid(3e0e4a1bf1a03c24a85ad855f4be231e) Importer(815301076,1909f56bfc062723c751e8b465ee728b)
Start importing Assets/Mini First Person Controller/Audio/Crouch/Crouch start 3.wav using Guid(3e0e4a1bf1a03c24a85ad855f4be231e) Importer(815301076,1909f56bfc062723c751e8b465ee728b)  -> (artifact id: '6ec02d9a04bb87f68e62826dfc64c7bd') in 0.030800 seconds 
========================================================================
Received Import Request.
  Time since last request: 0.000048 seconds.
  path: Assets/Mini First Person Controller/Audio/Crouch/Crouch end 2.wav
  artifactKey: Guid(e6f44b6fce71be34dbbd6d12cb3d3b8c) Importer(815301076,1909f56bfc062723c751e8b465ee728b)
Start importing Assets/Mini First Person Controller/Audio/Crouch/Crouch end 2.wav using Guid(e6f44b6fce71be34dbbd6d12cb3d3b8c) Importer(815301076,1909f56bfc062723c751e8b465ee728b)  -> (artifact id: 'c3042542ecc133bc0552a0c0ec2d6d9c') in 0.030470 seconds 
========================================================================
Received Import Request.
  Time since last request: 0.000055 seconds.
  path: Assets/Mini First Person Controller/Audio/Crouch/Crouch start 2.wav
  artifactKey: Guid(8a49e3e94b1e34e47bc5f47c5233c5a5) Importer(815301076,1909f56bfc062723c751e8b465ee728b)
Start importing Assets/Mini First Person Controller/Audio/Crouch/Crouch start 2.wav using Guid(8a49e3e94b1e34e47bc5f47c5233c5a5) Importer(815301076,1909f56bfc062723c751e8b465ee728b)  -> (artifact id: '89f85de097e87cdb0bba7ec59205b74e') in 0.033639 seconds 
========================================================================
Received Import Request.
  Time since last request: 0.000072 seconds.
  path: Assets/Mini First Person Controller/Audio/Jump/Jump 1.wav
  artifactKey: Guid(3888a1e1c52793144a6d07b8c508772e) Importer(815301076,1909f56bfc062723c751e8b465ee728b)
Start importing Assets/Mini First Person Controller/Audio/Jump/Jump 1.wav using Guid(3888a1e1c52793144a6d07b8c508772e) Importer(815301076,1909f56bfc062723c751e8b465ee728b)  -> (artifact id: '0ebfbba60cbca3e2e4e3b199ee44dc55') in 0.023597 seconds 
========================================================================
Received Import Request.
  Time since last request: 0.665935 seconds.
  path: Assets/Mini First Person Controller/Audio/Jump/Jump 2.wav
  artifactKey: Guid(5b26cf3cd5f6b914a80e6d3476caaf86) Importer(815301076,1909f56bfc062723c751e8b465ee728b)
Start importing Assets/Mini First Person Controller/Audio/Jump/Jump 2.wav using Guid(5b26cf3cd5f6b914a80e6d3476caaf86) Importer(815301076,1909f56bfc062723c751e8b465ee728b)  -> (artifact id: '3988c74ecd8566809a47b545ce169ff3') in 0.020814 seconds 
========================================================================
Received Import Request.
  Time since last request: 0.000049 seconds.
  path: Assets/Mini First Person Controller/Audio/Jump/Jump 3.wav
  artifactKey: Guid(b16dc74b7376aca46bd0c6be96c940fa) Importer(815301076,1909f56bfc062723c751e8b465ee728b)
Start importing Assets/Mini First Person Controller/Audio/Jump/Jump 3.wav using Guid(b16dc74b7376aca46bd0c6be96c940fa) Importer(815301076,1909f56bfc062723c751e8b465ee728b)  -> (artifact id: '6b0eb45856c12bf6e582f32324392107') in 0.028361 seconds 
========================================================================
Received Import Request.
  Time since last request: 0.000065 seconds.
  path: Assets/Mini First Person Controller/Audio/Landing/Landing 2.wav
  artifactKey: Guid(ab9637a2491abbf4ca9c9601321cbb88) Importer(815301076,1909f56bfc062723c751e8b465ee728b)
Start importing Assets/Mini First Person Controller/Audio/Landing/Landing 2.wav using Guid(ab9637a2491abbf4ca9c9601321cbb88) Importer(815301076,1909f56bfc062723c751e8b465ee728b)  -> (artifact id: 'b320b228137f2940b14fde6409c34183') in 0.020246 seconds 
========================================================================
Received Import Request.
  Time since last request: 0.000062 seconds.
  path: Assets/Mini First Person Controller/Audio/Landing/Landing 1.wav
  artifactKey: Guid(9fcb6dc763cd0354da305b5de2091287) Importer(815301076,1909f56bfc062723c751e8b465ee728b)
Start importing Assets/Mini First Person Controller/Audio/Landing/Landing 1.wav using Guid(9fcb6dc763cd0354da305b5de2091287) Importer(815301076,1909f56bfc062723c751e8b465ee728b)  -> (artifact id: 'a540478c4684d1ef95a4cefeb97307c0') in 0.020626 seconds 
========================================================================
Received Import Request.
  Time since last request: 0.000107 seconds.
  path: Assets/Mini First Person Controller/Audio/Steps.wav
  artifactKey: Guid(f8c14f2814b4b124a894a65c32c44987) Importer(815301076,1909f56bfc062723c751e8b465ee728b)
Start importing Assets/Mini First Person Controller/Audio/Steps.wav using Guid(f8c14f2814b4b124a894a65c32c44987) Importer(815301076,1909f56bfc062723c751e8b465ee728b)  -> (artifact id: '0b763ebe611564eb06c8817bd8800097') in 0.029518 seconds 
========================================================================
Received Import Request.
  Time since last request: 0.000050 seconds.
  path: Assets/Mini First Person Controller/Audio/Landing/Landing 3.wav
  artifactKey: Guid(50b288ce0d5ac1e439827c5365c74c31) Importer(815301076,1909f56bfc062723c751e8b465ee728b)
Start importing Assets/Mini First Person Controller/Audio/Landing/Landing 3.wav using Guid(50b288ce0d5ac1e439827c5365c74c31) Importer(815301076,1909f56bfc062723c751e8b465ee728b)  -> (artifact id: 'cac1022442b02eb065067b57ba23c687') in 0.033390 seconds 
========================================================================
Received Prepare
Registering precompiled user dll's ...
Registered in 0.009627 seconds.
Begin MonoManager ReloadAssembly
Symbol file LoadedFromMemory doesn't match image C:\Users\Admin\Documents\Марцинкевич Иван\My project\Library\PackageCache\com.unity.visualscripting@1.7.8\Editor\VisualScripting.Core\Dependencies\YamlDotNet\Unity.VisualScripting.YamlDotNet.dll
Symbol file LoadedFromMemory doesn't match image C:\Users\Admin\Documents\Марцинкевич Иван\My project\Library\PackageCache\com.unity.visualscripting@1.7.8\Editor\VisualScripting.Core\Dependencies\DotNetZip\Unity.VisualScripting.IonicZip.dll
Native extension for WindowsStandalone target not found
Refreshing native plugins compatible for Editor in 2.65 ms, found 3 plugins.
Preloading 0 native plugins for Editor in 0.00 ms.
Mono: successfully reloaded assembly
- Completed reload, in  4.168 seconds
Domain Reload Profiling:
	ReloadAssembly (4172ms)
		BeginReloadAssembly (372ms)
			ExecutionOrderSort (0ms)
			DisableScriptedObjects (12ms)
			BackupInstance (0ms)
			ReleaseScriptingObjects (0ms)
			CreateAndSetChildDomain (115ms)
		EndReloadAssembly (3480ms)
			LoadAssemblies (249ms)
			RebuildTransferFunctionScriptingTraits (0ms)
			SetupTypeCache (908ms)
			ReleaseScriptCaches (4ms)
			RebuildScriptCaches (243ms)
			SetupLoadedEditorAssemblies (1725ms)
				LogAssemblyErrors (0ms)
				InitializePlatformSupportModulesInManaged (74ms)
				SetLoadedEditorAssemblies (3ms)
				RefreshPlugins (3ms)
				BeforeProcessingInitializeOnLoad (296ms)
				ProcessInitializeOnLoadAttributes (1139ms)
				ProcessInitializeOnLoadMethodAttributes (193ms)
				AfterProcessingInitializeOnLoad (16ms)
				EditorAssembliesLoaded (1ms)
			ExecutionOrderSort2 (0ms)
			AwakeInstancesAfterBackupRestoration (37ms)
Platform modules already initialized, skipping
Refreshing native plugins compatible for Editor in 6.21 ms, found 3 plugins.
Preloading 0 native plugins for Editor in 0.00 ms.
Unloading 3379 Unused Serialized files (Serialized files now loaded: 0)
Unloading 20 unused Assets / (79.3 KB). Loaded Objects now: 3919.
Memory consumption went from 152.1 MB to 152.0 MB.
Total: 10.065900 ms (FindLiveObjects: 0.743500 ms CreateObjectMapping: 0.709900 ms MarkObjects: 8.333200 ms  DeleteObjects: 0.274800 ms)

AssetImportParameters requested are different than current active one (requested -> active):
  custom:video-decoder-ogg-theora: a1e56fd34408186e4bbccfd4996cb3dc -> 
  custom:container-muxer-webm: aa71ff27fc2769a1b78a27578f13a17b -> 
  custom:container-demuxer-webm: 4f35f7cbe854078d1ac9338744f61a02 -> 
  custom:video-encoder-webm-vp8: eb34c28f22e8b96e1ab97ce403110664 -> 
  custom:audio-encoder-webm-vorbis: bf7c407c2cedff20999df2af8eb42d56 -> 
  custom:framework-win-MediaFoundation: 216162199b28c13a410421893ffa2e32 -> 
  custom:SearchIndexIgnoredProperties: e643bd26f0fe6173181afceb89e7c659 -> 
  custom:container-demuxer-ogg: 62fdf1f143b41e24485cea50d1cbac27 -> 
  custom:video-decoder-webm-vp8: 9c59270c3fd7afecdb556c50c9e8de78 -> 
  custom:audio-decoder-ogg-vorbis: bf7c407c2cedff20999df2af8eb42d56 -> 
========================================================================
Received Prepare
Registering precompiled user dll's ...
Registered in 0.009706 seconds.
Begin MonoManager ReloadAssembly
Symbol file LoadedFromMemory doesn't match image C:\Users\Admin\Documents\Марцинкевич Иван\My project\Library\PackageCache\com.unity.visualscripting@1.7.8\Editor\VisualScripting.Core\Dependencies\YamlDotNet\Unity.VisualScripting.YamlDotNet.dll
Symbol file LoadedFromMemory doesn't match image C:\Users\Admin\Documents\Марцинкевич Иван\My project\Library\PackageCache\com.unity.visualscripting@1.7.8\Editor\VisualScripting.Core\Dependencies\DotNetZip\Unity.VisualScripting.IonicZip.dll
Native extension for WindowsStandalone target not found
Refreshing native plugins compatible for Editor in 2.07 ms, found 3 plugins.
Preloading 0 native plugins for Editor in 0.00 ms.
Mono: successfully reloaded assembly
- Completed reload, in  4.216 seconds
Domain Reload Profiling:
	ReloadAssembly (4219ms)
		BeginReloadAssembly (368ms)
			ExecutionOrderSort (0ms)
			DisableScriptedObjects (24ms)
			BackupInstance (0ms)
			ReleaseScriptingObjects (0ms)
			CreateAndSetChildDomain (108ms)
		EndReloadAssembly (3555ms)
			LoadAssemblies (236ms)
			RebuildTransferFunctionScriptingTraits (0ms)
			SetupTypeCache (953ms)
			ReleaseScriptCaches (5ms)
			RebuildScriptCaches (255ms)
			SetupLoadedEditorAssemblies (1743ms)
				LogAssemblyErrors (0ms)
				InitializePlatformSupportModulesInManaged (62ms)
				SetLoadedEditorAssemblies (3ms)
				RefreshPlugins (2ms)
				BeforeProcessingInitializeOnLoad (300ms)
				ProcessInitializeOnLoadAttributes (1209ms)
				ProcessInitializeOnLoadMethodAttributes (150ms)
				AfterProcessingInitializeOnLoad (15ms)
				EditorAssembliesLoaded (1ms)
			ExecutionOrderSort2 (0ms)
			AwakeInstancesAfterBackupRestoration (33ms)
Platform modules already initialized, skipping
Refreshing native plugins compatible for Editor in 6.87 ms, found 3 plugins.
Preloading 0 native plugins for Editor in 0.00 ms.
Unloading 3379 Unused Serialized files (Serialized files now loaded: 0)
Unloading 20 unused Assets / (79.3 KB). Loaded Objects now: 3922.
Memory consumption went from 152.1 MB to 152.0 MB.
Total: 21.465200 ms (FindLiveObjects: 1.068500 ms CreateObjectMapping: 1.150200 ms MarkObjects: 18.948900 ms  DeleteObjects: 0.293300 ms)

AssetImportParameters requested are different than current active one (requested -> active):
  custom:video-decoder-ogg-theora: a1e56fd34408186e4bbccfd4996cb3dc -> 
  custom:container-muxer-webm: aa71ff27fc2769a1b78a27578f13a17b -> 
  custom:container-demuxer-webm: 4f35f7cbe854078d1ac9338744f61a02 -> 
  custom:video-encoder-webm-vp8: eb34c28f22e8b96e1ab97ce403110664 -> 
  custom:audio-encoder-webm-vorbis: bf7c407c2cedff20999df2af8eb42d56 -> 
  custom:framework-win-MediaFoundation: 216162199b28c13a410421893ffa2e32 -> 
  custom:SearchIndexIgnoredProperties: e643bd26f0fe6173181afceb89e7c659 -> 
  custom:container-demuxer-ogg: 62fdf1f143b41e24485cea50d1cbac27 -> 
  custom:video-decoder-webm-vp8: 9c59270c3fd7afecdb556c50c9e8de78 -> 
  custom:audio-decoder-ogg-vorbis: bf7c407c2cedff20999df2af8eb42d56 -> 
========================================================================
Received Prepare
Registering precompiled user dll's ...
Registered in 0.009072 seconds.
Begin MonoManager ReloadAssembly
Symbol file LoadedFromMemory doesn't match image C:\Users\Admin\Documents\Марцинкевич Иван\My project\Library\PackageCache\com.unity.visualscripting@1.7.8\Editor\VisualScripting.Core\Dependencies\YamlDotNet\Unity.VisualScripting.YamlDotNet.dll
Symbol file LoadedFromMemory doesn't match image C:\Users\Admin\Documents\Марцинкевич Иван\My project\Library\PackageCache\com.unity.visualscripting@1.7.8\Editor\VisualScripting.Core\Dependencies\DotNetZip\Unity.VisualScripting.IonicZip.dll
Native extension for WindowsStandalone target not found
Refreshing native plugins compatible for Editor in 2.98 ms, found 3 plugins.
Preloading 0 native plugins for Editor in 0.00 ms.
Mono: successfully reloaded assembly
- Completed reload, in  4.076 seconds
Domain Reload Profiling:
	ReloadAssembly (4079ms)
		BeginReloadAssembly (368ms)
			ExecutionOrderSort (0ms)
			DisableScriptedObjects (25ms)
			BackupInstance (0ms)
			ReleaseScriptingObjects (0ms)
			CreateAndSetChildDomain (104ms)
		EndReloadAssembly (3420ms)
			LoadAssemblies (241ms)
			RebuildTransferFunctionScriptingTraits (0ms)
			SetupTypeCache (905ms)
			ReleaseScriptCaches (6ms)
			RebuildScriptCaches (241ms)
			SetupLoadedEditorAssemblies (1655ms)
				LogAssemblyErrors (0ms)
				InitializePlatformSupportModulesInManaged (64ms)
				SetLoadedEditorAssemblies (3ms)
				RefreshPlugins (4ms)
				BeforeProcessingInitializeOnLoad (287ms)
				ProcessInitializeOnLoadAttributes (1106ms)
				ProcessInitializeOnLoadMethodAttributes (173ms)
				AfterProcessingInitializeOnLoad (16ms)
				EditorAssembliesLoaded (1ms)
			ExecutionOrderSort2 (0ms)
			AwakeInstancesAfterBackupRestoration (31ms)
Platform modules already initialized, skipping
Refreshing native plugins compatible for Editor in 8.02 ms, found 3 plugins.
Preloading 0 native plugins for Editor in 0.00 ms.
Unloading 3379 Unused Serialized files (Serialized files now loaded: 0)
Unloading 20 unused Assets / (79.2 KB). Loaded Objects now: 3925.
Memory consumption went from 152.1 MB to 152.1 MB.
Total: 13.930200 ms (FindLiveObjects: 0.899500 ms CreateObjectMapping: 1.056000 ms MarkObjects: 11.623800 ms  DeleteObjects: 0.346800 ms)

AssetImportParameters requested are different than current active one (requested -> active):
  custom:video-decoder-ogg-theora: a1e56fd34408186e4bbccfd4996cb3dc -> 
  custom:container-muxer-webm: aa71ff27fc2769a1b78a27578f13a17b -> 
  custom:container-demuxer-webm: 4f35f7cbe854078d1ac9338744f61a02 -> 
  custom:video-encoder-webm-vp8: eb34c28f22e8b96e1ab97ce403110664 -> 
  custom:audio-encoder-webm-vorbis: bf7c407c2cedff20999df2af8eb42d56 -> 
  custom:framework-win-MediaFoundation: 216162199b28c13a410421893ffa2e32 -> 
  custom:SearchIndexIgnoredProperties: e643bd26f0fe6173181afceb89e7c659 -> 
  custom:container-demuxer-ogg: 62fdf1f143b41e24485cea50d1cbac27 -> 
  custom:video-decoder-webm-vp8: 9c59270c3fd7afecdb556c50c9e8de78 -> 
  custom:audio-decoder-ogg-vorbis: bf7c407c2cedff20999df2af8eb42d56 -> 
========================================================================
Received Prepare
Registering precompiled user dll's ...
Registered in 0.012462 seconds.
Begin MonoManager ReloadAssembly
Symbol file LoadedFromMemory doesn't match image C:\Users\Admin\Documents\Марцинкевич Иван\My project\Library\PackageCache\com.unity.visualscripting@1.7.8\Editor\VisualScripting.Core\Dependencies\YamlDotNet\Unity.VisualScripting.YamlDotNet.dll
Symbol file LoadedFromMemory doesn't match image C:\Users\Admin\Documents\Марцинкевич Иван\My project\Library\PackageCache\com.unity.visualscripting@1.7.8\Editor\VisualScripting.Core\Dependencies\DotNetZip\Unity.VisualScripting.IonicZip.dll
Native extension for WindowsStandalone target not found
Refreshing native plugins compatible for Editor in 2.93 ms, found 3 plugins.
Preloading 0 native plugins for Editor in 0.00 ms.
Mono: successfully reloaded assembly
- Completed reload, in  3.983 seconds
Domain Reload Profiling:
	ReloadAssembly (3986ms)
		BeginReloadAssembly (356ms)
			ExecutionOrderSort (0ms)
			DisableScriptedObjects (16ms)
			BackupInstance (0ms)
			ReleaseScriptingObjects (0ms)
			CreateAndSetChildDomain (100ms)
		EndReloadAssembly (3339ms)
			LoadAssemblies (227ms)
			RebuildTransferFunctionScriptingTraits (0ms)
			SetupTypeCache (889ms)
			ReleaseScriptCaches (4ms)
			RebuildScriptCaches (233ms)
			SetupLoadedEditorAssemblies (1628ms)
				LogAssemblyErrors (0ms)
				InitializePlatformSupportModulesInManaged (60ms)
				SetLoadedEditorAssemblies (2ms)
				RefreshPlugins (3ms)
				BeforeProcessingInitializeOnLoad (298ms)
				ProcessInitializeOnLoadAttributes (1127ms)
				ProcessInitializeOnLoadMethodAttributes (126ms)
				AfterProcessingInitializeOnLoad (11ms)
				EditorAssembliesLoaded (1ms)
			ExecutionOrderSort2 (0ms)
			AwakeInstancesAfterBackupRestoration (31ms)
Platform modules already initialized, skipping
Refreshing native plugins compatible for Editor in 5.18 ms, found 3 plugins.
Preloading 0 native plugins for Editor in 0.00 ms.
Unloading 3379 Unused Serialized files (Serialized files now loaded: 0)
Unloading 20 unused Assets / (79.3 KB). Loaded Objects now: 3928.
Memory consumption went from 152.2 MB to 152.1 MB.
Total: 12.773600 ms (FindLiveObjects: 1.228000 ms CreateObjectMapping: 0.788700 ms MarkObjects: 10.404100 ms  DeleteObjects: 0.349000 ms)

AssetImportParameters requested are different than current active one (requested -> active):
  custom:video-decoder-ogg-theora: a1e56fd34408186e4bbccfd4996cb3dc -> 
  custom:container-muxer-webm: aa71ff27fc2769a1b78a27578f13a17b -> 
  custom:container-demuxer-webm: 4f35f7cbe854078d1ac9338744f61a02 -> 
  custom:video-encoder-webm-vp8: eb34c28f22e8b96e1ab97ce403110664 -> 
  custom:audio-encoder-webm-vorbis: bf7c407c2cedff20999df2af8eb42d56 -> 
  custom:framework-win-MediaFoundation: 216162199b28c13a410421893ffa2e32 -> 
  custom:SearchIndexIgnoredProperties: e643bd26f0fe6173181afceb89e7c659 -> 
  custom:container-demuxer-ogg: 62fdf1f143b41e24485cea50d1cbac27 -> 
  custom:video-decoder-webm-vp8: 9c59270c3fd7afecdb556c50c9e8de78 -> 
  custom:audio-decoder-ogg-vorbis: bf7c407c2cedff20999df2af8eb42d56 -> 
========================================================================
Received Prepare
Registering precompiled user dll's ...
Registered in 0.009359 seconds.
Begin MonoManager ReloadAssembly
Symbol file LoadedFromMemory doesn't match image C:\Users\Admin\Documents\Марцинкевич Иван\My project\Library\PackageCache\com.unity.visualscripting@1.7.8\Editor\VisualScripting.Core\Dependencies\YamlDotNet\Unity.VisualScripting.YamlDotNet.dll
Symbol file LoadedFromMemory doesn't match image C:\Users\Admin\Documents\Марцинкевич Иван\My project\Library\PackageCache\com.unity.visualscripting@1.7.8\Editor\VisualScripting.Core\Dependencies\DotNetZip\Unity.VisualScripting.IonicZip.dll
Native extension for WindowsStandalone target not found
Refreshing native plugins compatible for Editor in 2.71 ms, found 3 plugins.
Preloading 0 native plugins for Editor in 0.00 ms.
Mono: successfully reloaded assembly
- Completed reload, in  4.175 seconds
Domain Reload Profiling:
	ReloadAssembly (4178ms)
		BeginReloadAssembly (366ms)
			ExecutionOrderSort (0ms)
			DisableScriptedObjects (19ms)
			BackupInstance (0ms)
			ReleaseScriptingObjects (0ms)
			CreateAndSetChildDomain (102ms)
		EndReloadAssembly (3492ms)
			LoadAssemblies (240ms)
			RebuildTransferFunctionScriptingTraits (0ms)
			SetupTypeCache (955ms)
			ReleaseScriptCaches (4ms)
			RebuildScriptCaches (231ms)
			SetupLoadedEditorAssemblies (1713ms)
				LogAssemblyErrors (0ms)
				InitializePlatformSupportModulesInManaged (66ms)
				SetLoadedEditorAssemblies (3ms)
				RefreshPlugins (3ms)
				BeforeProcessingInitializeOnLoad (289ms)
				ProcessInitializeOnLoadAttributes (1168ms)
				ProcessInitializeOnLoadMethodAttributes (168ms)
				AfterProcessingInitializeOnLoad (15ms)
				EditorAssembliesLoaded (1ms)
			ExecutionOrderSort2 (0ms)
			AwakeInstancesAfterBackupRestoration (31ms)
Platform modules already initialized, skipping
Refreshing native plugins compatible for Editor in 9.32 ms, found 3 plugins.
Preloading 0 native plugins for Editor in 0.00 ms.
Unloading 3379 Unused Serialized files (Serialized files now loaded: 0)
Unloading 20 unused Assets / (79.4 KB). Loaded Objects now: 3931.
Memory consumption went from 152.2 MB to 152.1 MB.
Total: 11.701700 ms (FindLiveObjects: 0.931700 ms CreateObjectMapping: 0.900000 ms MarkObjects: 9.578000 ms  DeleteObjects: 0.287700 ms)

AssetImportParameters requested are different than current active one (requested -> active):
  custom:video-decoder-ogg-theora: a1e56fd34408186e4bbccfd4996cb3dc -> 
  custom:container-muxer-webm: aa71ff27fc2769a1b78a27578f13a17b -> 
  custom:container-demuxer-webm: 4f35f7cbe854078d1ac9338744f61a02 -> 
  custom:video-encoder-webm-vp8: eb34c28f22e8b96e1ab97ce403110664 -> 
  custom:audio-encoder-webm-vorbis: bf7c407c2cedff20999df2af8eb42d56 -> 
  custom:framework-win-MediaFoundation: 216162199b28c13a410421893ffa2e32 -> 
  custom:SearchIndexIgnoredProperties: e643bd26f0fe6173181afceb89e7c659 -> 
  custom:container-demuxer-ogg: 62fdf1f143b41e24485cea50d1cbac27 -> 
  custom:video-decoder-webm-vp8: 9c59270c3fd7afecdb556c50c9e8de78 -> 
  custom:audio-decoder-ogg-vorbis: bf7c407c2cedff20999df2af8eb42d56 -> 
========================================================================
Received Import Request.
  Time since last request: 360.411081 seconds.
  path: Assets/New Terrain 2.asset
  artifactKey: Guid(f7c7b3f09a7b5c94eb48314288d34093) Importer(815301076,1909f56bfc062723c751e8b465ee728b)
Start importing Assets/New Terrain 2.asset using Guid(f7c7b3f09a7b5c94eb48314288d34093) Importer(815301076,1909f56bfc062723c751e8b465ee728b)  -> (artifact id: 'b5bbe2b5173c9e3e034651dde0197aa1') in 0.195230 seconds 
