Using pre-set license
Built from '2021.3/staging' branch; Version is '2021.3.5f1 (40eb3a945986) revision 4254522'; Using compiler version '192829333'; Build Type 'Release'
OS: 'Windows 10  (10.0.18363) 64bit Professional' Language: 'ru' Physical Memory: 11724 MB
BatchMode: 1, IsHumanControllingUs: 0, StartBugReporterOnCrash: 0, Is64bit: 1, IsPro: 1

COMMAND LINE ARGUMENTS:
C:\Program Files\Unity 2021.3.5f1\Editor\Unity.exe
-adb2
-batchMode
-noUpm
-name
AssetImportWorker0
-projectPath
C:/Users/Admin/Documents/Марцинкевич Иван/My project
-logFile
Logs/AssetImportWorker0.log
-srvPort
64770
Successfully changed project path to: C:/Users/Admin/Documents/Марцинкевич Иван/My project
C:/Users/Admin/Documents/Марцинкевич Иван/My project
[UnityMemory] Configuration Parameters - Can be set up in boot.config
    "memorysetup-bucket-allocator-granularity=16"
    "memorysetup-bucket-allocator-bucket-count=8"
    "memorysetup-bucket-allocator-block-size=33554432"
    "memorysetup-bucket-allocator-block-count=8"
    "memorysetup-main-allocator-block-size=16777216"
    "memorysetup-thread-allocator-block-size=16777216"
    "memorysetup-gfx-main-allocator-block-size=16777216"
    "memorysetup-gfx-thread-allocator-block-size=16777216"
    "memorysetup-cache-allocator-block-size=4194304"
    "memorysetup-typetree-allocator-block-size=2097152"
    "memorysetup-profiler-bucket-allocator-granularity=16"
    "memorysetup-profiler-bucket-allocator-bucket-count=8"
    "memorysetup-profiler-bucket-allocator-block-size=33554432"
    "memorysetup-profiler-bucket-allocator-block-count=8"
    "memorysetup-profiler-allocator-block-size=16777216"
    "memorysetup-profiler-editor-allocator-block-size=1048576"
    "memorysetup-temp-allocator-size-main=16777216"
    "memorysetup-job-temp-allocator-block-size=2097152"
    "memorysetup-job-temp-allocator-block-size-background=1048576"
    "memorysetup-job-temp-allocator-reduction-small-platforms=262144"
    "memorysetup-temp-allocator-size-background-worker=32768"
    "memorysetup-temp-allocator-size-job-worker=262144"
    "memorysetup-temp-allocator-size-preload-manager=33554432"
    "memorysetup-temp-allocator-size-nav-mesh-worker=65536"
    "memorysetup-temp-allocator-size-audio-worker=65536"
    "memorysetup-temp-allocator-size-cloud-worker=32768"
    "memorysetup-temp-allocator-size-gi-baking-worker=262144"
    "memorysetup-temp-allocator-size-gfx=262144"
Refreshing native plugins compatible for Editor in 233.97 ms, found 3 plugins.
Preloading 0 native plugins for Editor in 0.00 ms.
Initialize engine version: 2021.3.5f1 (40eb3a945986)
[Subsystems] Discovering subsystems at path C:/Program Files/Unity 2021.3.5f1/Editor/Data/Resources/UnitySubsystems
[Subsystems] Discovering subsystems at path C:/Users/Admin/Documents/Марцинкевич Иван/My project/Assets
GfxDevice: creating device client; threaded=0; jobified=0
Direct3D:
    Version:  Direct3D 11.0 [level 11.1]
    Renderer: AMD Radeon R6 Graphics (ID=0x9874)
    Vendor:   ATI
    VRAM:     5862 MB
    Driver:   27.20.1034.6
Initialize mono
Mono path[0] = 'C:/Program Files/Unity 2021.3.5f1/Editor/Data/Managed'
Mono path[1] = 'C:/Program Files/Unity 2021.3.5f1/Editor/Data/MonoBleedingEdge/lib/mono/unityjit-win32'
Mono config path = 'C:/Program Files/Unity 2021.3.5f1/Editor/Data/MonoBleedingEdge/etc'
Using monoOptions --debugger-agent=transport=dt_socket,embedding=1,server=y,suspend=n,address=127.0.0.1:56156
Begin MonoManager ReloadAssembly
Registering precompiled unity dll's ...
Register platform support module: C:/Program Files/Unity 2021.3.5f1/Editor/Data/PlaybackEngines/WindowsStandaloneSupport/UnityEditor.WindowsStandalone.Extensions.dll
Registered in 0.006620 seconds.
Native extension for WindowsStandalone target not found
Refreshing native plugins compatible for Editor in 201.92 ms, found 3 plugins.
Preloading 0 native plugins for Editor in 0.00 ms.
Mono: successfully reloaded assembly
- Completed reload, in  2.037 seconds
Domain Reload Profiling:
	ReloadAssembly (2039ms)
		BeginReloadAssembly (238ms)
			ExecutionOrderSort (0ms)
			DisableScriptedObjects (0ms)
			BackupInstance (0ms)
			ReleaseScriptingObjects (0ms)
			CreateAndSetChildDomain (3ms)
		EndReloadAssembly (1444ms)
			LoadAssemblies (234ms)
			RebuildTransferFunctionScriptingTraits (0ms)
			SetupTypeCache (360ms)
			ReleaseScriptCaches (0ms)
			RebuildScriptCaches (114ms)
			SetupLoadedEditorAssemblies (834ms)
				LogAssemblyErrors (0ms)
				InitializePlatformSupportModulesInManaged (27ms)
				SetLoadedEditorAssemblies (1ms)
				RefreshPlugins (202ms)
				BeforeProcessingInitializeOnLoad (3ms)
				ProcessInitializeOnLoadAttributes (436ms)
				ProcessInitializeOnLoadMethodAttributes (166ms)
				AfterProcessingInitializeOnLoad (0ms)
				EditorAssembliesLoaded (0ms)
			ExecutionOrderSort2 (0ms)
			AwakeInstancesAfterBackupRestoration (0ms)
Platform modules already initialized, skipping
Registering precompiled user dll's ...
Registered in 0.024212 seconds.
Begin MonoManager ReloadAssembly
Symbol file LoadedFromMemory doesn't match image C:\Users\Admin\Documents\Марцинкевич Иван\My project\Library\PackageCache\com.unity.visualscripting@1.7.8\Editor\VisualScripting.Core\Dependencies\YamlDotNet\Unity.VisualScripting.YamlDotNet.dll
Symbol file LoadedFromMemory doesn't match image C:\Users\Admin\Documents\Марцинкевич Иван\My project\Library\PackageCache\com.unity.visualscripting@1.7.8\Editor\VisualScripting.Core\Dependencies\DotNetZip\Unity.VisualScripting.IonicZip.dll
Native extension for WindowsStandalone target not found
Refreshing native plugins compatible for Editor in 1.61 ms, found 3 plugins.
Preloading 0 native plugins for Editor in 0.00 ms.
Mono: successfully reloaded assembly
- Completed reload, in  2.915 seconds
Domain Reload Profiling:
	ReloadAssembly (2917ms)
		BeginReloadAssembly (296ms)
			ExecutionOrderSort (0ms)
			DisableScriptedObjects (16ms)
			BackupInstance (0ms)
			ReleaseScriptingObjects (0ms)
			CreateAndSetChildDomain (53ms)
		EndReloadAssembly (2306ms)
			LoadAssemblies (211ms)
			RebuildTransferFunctionScriptingTraits (0ms)
			SetupTypeCache (777ms)
			ReleaseScriptCaches (2ms)
			RebuildScriptCaches (185ms)
			SetupLoadedEditorAssemblies (1011ms)
				LogAssemblyErrors (0ms)
				InitializePlatformSupportModulesInManaged (14ms)
				SetLoadedEditorAssemblies (1ms)
				RefreshPlugins (2ms)
				BeforeProcessingInitializeOnLoad (201ms)
				ProcessInitializeOnLoadAttributes (697ms)
				ProcessInitializeOnLoadMethodAttributes (86ms)
				AfterProcessingInitializeOnLoad (10ms)
				EditorAssembliesLoaded (1ms)
			ExecutionOrderSort2 (0ms)
			AwakeInstancesAfterBackupRestoration (16ms)
Platform modules already initialized, skipping
========================================================================
Worker process is ready to serve import requests
Launched and connected shader compiler UnityShaderCompiler.exe after 0.09 seconds
Refreshing native plugins compatible for Editor in 1.63 ms, found 3 plugins.
Preloading 0 native plugins for Editor in 0.00 ms.
Unloading 3394 Unused Serialized files (Serialized files now loaded: 0)
Unloading 27 unused Assets / (111.7 KB). Loaded Objects now: 3871.
Memory consumption went from 148.1 MB to 148.0 MB.
Total: 11.407300 ms (FindLiveObjects: 0.835500 ms CreateObjectMapping: 0.770800 ms MarkObjects: 9.438000 ms  DeleteObjects: 0.359400 ms)

AssetImportParameters requested are different than current active one (requested -> active):
  custom:video-decoder-ogg-theora: a1e56fd34408186e4bbccfd4996cb3dc -> 
  custom:container-muxer-webm: aa71ff27fc2769a1b78a27578f13a17b -> 
  custom:container-demuxer-webm: 4f35f7cbe854078d1ac9338744f61a02 -> 
  custom:video-encoder-webm-vp8: eb34c28f22e8b96e1ab97ce403110664 -> 
  custom:audio-encoder-webm-vorbis: bf7c407c2cedff20999df2af8eb42d56 -> 
  custom:framework-win-MediaFoundation: 216162199b28c13a410421893ffa2e32 -> 
  custom:container-demuxer-ogg: 62fdf1f143b41e24485cea50d1cbac27 -> 
  custom:video-decoder-webm-vp8: 9c59270c3fd7afecdb556c50c9e8de78 -> 
  custom:audio-decoder-ogg-vorbis: bf7c407c2cedff20999df2af8eb42d56 -> 
========================================================================
Received Import Request.
  Time since last request: 1411.240253 seconds.
  path: Assets/Lantern/Art/Textures/Glass2 [Albedo].psd
  artifactKey: Guid(e4be82f6cd8407948b0dc9afd5888253) Importer(815301076,1909f56bfc062723c751e8b465ee728b)
Start importing Assets/Lantern/Art/Textures/Glass2 [Albedo].psd using Guid(e4be82f6cd8407948b0dc9afd5888253) Importer(815301076,1909f56bfc062723c751e8b465ee728b)  -> (artifact id: '81ab652ecbcf3fd386f016b8f048effc') in 0.213754 seconds 
========================================================================
Received Import Request.
  Time since last request: 0.000061 seconds.
  path: Assets/Lantern/Art/Textures/Glass2 [Normal].png
  artifactKey: Guid(fe2ad94daa0a12a4da4b1068441f64a9) Importer(815301076,1909f56bfc062723c751e8b465ee728b)
Start importing Assets/Lantern/Art/Textures/Glass2 [Normal].png using Guid(fe2ad94daa0a12a4da4b1068441f64a9) Importer(815301076,1909f56bfc062723c751e8b465ee728b)  -> (artifact id: '323929e72ef22b6663c29ce0cff548fa') in 0.136138 seconds 
========================================================================
Received Import Request.
  Time since last request: 0.000066 seconds.
  path: Assets/Lantern/Art/Textures/CarvedLampPost [Normal].png
  artifactKey: Guid(182d8cf2696018f438b0324013039ba4) Importer(815301076,1909f56bfc062723c751e8b465ee728b)
Start importing Assets/Lantern/Art/Textures/CarvedLampPost [Normal].png using Guid(182d8cf2696018f438b0324013039ba4) Importer(815301076,1909f56bfc062723c751e8b465ee728b)  -> (artifact id: '188b26f8f8d06f6ba1ec061af679664f') in 0.027949 seconds 
========================================================================
Received Import Request.
  Time since last request: 0.000055 seconds.
  path: Assets/Lantern/Art/Textures/CarvedLampPost [Albedo].png
  artifactKey: Guid(fe360e8cd6fb08f4db6a59a22161a60c) Importer(815301076,1909f56bfc062723c751e8b465ee728b)
Start importing Assets/Lantern/Art/Textures/CarvedLampPost [Albedo].png using Guid(fe360e8cd6fb08f4db6a59a22161a60c) Importer(815301076,1909f56bfc062723c751e8b465ee728b)  -> (artifact id: 'c107ce907e301e92c32454d7eaf3302c') in 0.028585 seconds 
========================================================================
Received Import Request.
  Time since last request: 0.000070 seconds.
  path: Assets/Lantern/Art/Textures/Candle2 [Specular].tif
  artifactKey: Guid(2488b7231f29a604b846afaf2cadfd98) Importer(815301076,1909f56bfc062723c751e8b465ee728b)
Start importing Assets/Lantern/Art/Textures/Candle2 [Specular].tif using Guid(2488b7231f29a604b846afaf2cadfd98) Importer(815301076,1909f56bfc062723c751e8b465ee728b)  -> (artifact id: 'e53be17997b3dcbd0fffd614d2208cd4') in 0.044783 seconds 
========================================================================
Received Import Request.
  Time since last request: 0.000202 seconds.
  path: Assets/Lantern/Art/Textures/Candle2 emission.png
  artifactKey: Guid(6545dea8da10a374f899fc0228757015) Importer(815301076,1909f56bfc062723c751e8b465ee728b)
Start importing Assets/Lantern/Art/Textures/Candle2 emission.png using Guid(6545dea8da10a374f899fc0228757015) Importer(815301076,1909f56bfc062723c751e8b465ee728b)  -> (artifact id: '3b5a4ac1e630f80f5d6be1e8ae5d49ad') in 0.025166 seconds 
========================================================================
Received Import Request.
  Time since last request: 0.000067 seconds.
  path: Assets/Lantern/Art/Textures/CarvedLampPost2 [Normal].png
  artifactKey: Guid(db32dc5877f14134fbe0a6fb5d233db9) Importer(815301076,1909f56bfc062723c751e8b465ee728b)
Start importing Assets/Lantern/Art/Textures/CarvedLampPost2 [Normal].png using Guid(db32dc5877f14134fbe0a6fb5d233db9) Importer(815301076,1909f56bfc062723c751e8b465ee728b)  -> (artifact id: '3c2ec3e1b15634a1813321a9aa00b85d') in 0.037089 seconds 
========================================================================
Received Import Request.
  Time since last request: 0.000064 seconds.
  path: Assets/Lantern/Art/Textures/Candle2 [Albedo].png
  artifactKey: Guid(e21011fce7663c14b86d62e5dac457ea) Importer(815301076,1909f56bfc062723c751e8b465ee728b)
Start importing Assets/Lantern/Art/Textures/Candle2 [Albedo].png using Guid(e21011fce7663c14b86d62e5dac457ea) Importer(815301076,1909f56bfc062723c751e8b465ee728b)  -> (artifact id: '6e6272a4b5a72e1939219270c9e69699') in 0.034074 seconds 
========================================================================
Received Import Request.
  Time since last request: 0.000089 seconds.
  path: Assets/Lantern/Art/Textures/CarvedLampPost2 [Albedo].png
  artifactKey: Guid(1f35c83ac2332574aae42ce893a0d133) Importer(815301076,1909f56bfc062723c751e8b465ee728b)
Start importing Assets/Lantern/Art/Textures/CarvedLampPost2 [Albedo].png using Guid(1f35c83ac2332574aae42ce893a0d133) Importer(815301076,1909f56bfc062723c751e8b465ee728b)  -> (artifact id: 'b650d1b49cfd225c0cb8b3f949c6cb37') in 0.035278 seconds 
========================================================================
Received Import Request.
  Time since last request: 0.000078 seconds.
  path: Assets/Lantern/Art/Textures/CarvedLampPost2 [Specular].tif
  artifactKey: Guid(d12d4b4596e1af848a9ba0f3f003a66f) Importer(815301076,1909f56bfc062723c751e8b465ee728b)
Start importing Assets/Lantern/Art/Textures/CarvedLampPost2 [Specular].tif using Guid(d12d4b4596e1af848a9ba0f3f003a66f) Importer(815301076,1909f56bfc062723c751e8b465ee728b)  -> (artifact id: '81dde069365f67b33d6ca09a7de1af75') in 0.026492 seconds 
========================================================================
Received Import Request.
  Time since last request: 0.000047 seconds.
  path: Assets/Lantern/Art/Textures/Candle2 [Normal].png
  artifactKey: Guid(119fa3bb4e4e6c647aea2a4bfe0a2d30) Importer(815301076,1909f56bfc062723c751e8b465ee728b)
Start importing Assets/Lantern/Art/Textures/Candle2 [Normal].png using Guid(119fa3bb4e4e6c647aea2a4bfe0a2d30) Importer(815301076,1909f56bfc062723c751e8b465ee728b)  -> (artifact id: '504e593be361ec13f0b124868743ebfe') in 0.038460 seconds 
========================================================================
Received Import Request.
  Time since last request: 0.000048 seconds.
  path: Assets/Lantern/Art/Textures/CarvedLampPost [Specular].tif
  artifactKey: Guid(93997d9efb46915458ae8da4dd7c9e8d) Importer(815301076,1909f56bfc062723c751e8b465ee728b)
Start importing Assets/Lantern/Art/Textures/CarvedLampPost [Specular].tif using Guid(93997d9efb46915458ae8da4dd7c9e8d) Importer(815301076,1909f56bfc062723c751e8b465ee728b)  -> (artifact id: '110910a93994e2d7e663804f2351cb78') in 0.032104 seconds 
========================================================================
Received Import Request.
  Time since last request: 27.104074 seconds.
  path: Assets/New Terrain 2.asset
  artifactKey: Guid(f7c7b3f09a7b5c94eb48314288d34093) Importer(815301076,1909f56bfc062723c751e8b465ee728b)
Start importing Assets/New Terrain 2.asset using Guid(f7c7b3f09a7b5c94eb48314288d34093) Importer(815301076,1909f56bfc062723c751e8b465ee728b)  -> (artifact id: '74bfcb3c4c4cbb38590e7ccd5d218d67') in 0.081413 seconds 
========================================================================
Received Import Request.
  Time since last request: 4.118028 seconds.
  path: Assets/CampFire
  artifactKey: Guid(d37f3a611e4d246d5adf625106975a2d) Importer(815301076,1909f56bfc062723c751e8b465ee728b)
Start importing Assets/CampFire using Guid(d37f3a611e4d246d5adf625106975a2d) Importer(815301076,1909f56bfc062723c751e8b465ee728b)  -> (artifact id: 'a063e863dcc3702ac00aaea676539977') in 0.003340 seconds 
========================================================================
Received Import Request.
  Time since last request: 1.447945 seconds.
  path: Assets/CampFire/Materials
  artifactKey: Guid(931e145f5faa442bbb070c13ac64c0cd) Importer(815301076,1909f56bfc062723c751e8b465ee728b)
Start importing Assets/CampFire/Materials using Guid(931e145f5faa442bbb070c13ac64c0cd) Importer(815301076,1909f56bfc062723c751e8b465ee728b)  -> (artifact id: '79f7c473246c2eb3079153daa0422a92') in 0.003065 seconds 
========================================================================
Received Import Request.
  Time since last request: 1.006514 seconds.
  path: Assets/CampFire/Prefabs
  artifactKey: Guid(05092c13336f24179a6692c4124a9cd9) Importer(815301076,1909f56bfc062723c751e8b465ee728b)
Start importing Assets/CampFire/Prefabs using Guid(05092c13336f24179a6692c4124a9cd9) Importer(815301076,1909f56bfc062723c751e8b465ee728b)  -> (artifact id: '933505371f7a069d969800f565640f85') in 0.005634 seconds 
========================================================================
Received Import Request.
  Time since last request: 0.326238 seconds.
  path: Assets/CampFire/Prefabs/CampFire.prefab
  artifactKey: Guid(b6f6e45a2d3c443568585923fb300a21) Importer(815301076,1909f56bfc062723c751e8b465ee728b)
Start importing Assets/CampFire/Prefabs/CampFire.prefab using Guid(b6f6e45a2d3c443568585923fb300a21) Importer(815301076,1909f56bfc062723c751e8b465ee728b)  -> (artifact id: '42b2ce3c5fbfc525d28c05436b3196ff') in 0.120569 seconds 
========================================================================
Received Import Request.
  Time since last request: 18.104188 seconds.
  path: Assets/New Terrain 1.asset
  artifactKey: Guid(06436d8290358a848a402aa58c736547) Importer(2089858483,0ecaa5967403d082aa24f35e1b516d23)
Start importing Assets/New Terrain 1.asset using Guid(06436d8290358a848a402aa58c736547) Importer(2089858483,0ecaa5967403d082aa24f35e1b516d23) Generated GUIDs only implemented for interfaces!
 -> (artifact id: '293ffc98b9935feef0cdf37acd24f2e6') in 0.344733 seconds 
========================================================================
Received Import Request.
  Time since last request: 0.000090 seconds.
  path: Assets/Conifers [BOTD]/Shared Sources/Meshes/SM Conifer Bare LOD0.asset
  artifactKey: Guid(e35c83466d09544088eaf0d3fa826b0c) Importer(2089858483,0ecaa5967403d082aa24f35e1b516d23)
Start importing Assets/Conifers [BOTD]/Shared Sources/Meshes/SM Conifer Bare LOD0.asset using Guid(e35c83466d09544088eaf0d3fa826b0c) Importer(2089858483,0ecaa5967403d082aa24f35e1b516d23) Generated GUIDs only implemented for interfaces!
 -> (artifact id: '2022ad2a742d430ad6f47816c65f35c5') in 0.036833 seconds 
========================================================================
Received Import Request.
  Time since last request: 0.000064 seconds.
  path: Assets/AQUAS-Lite/Scripts/AQUAS_Lite_Camera.cs
  artifactKey: Guid(1c79ca230b752ed4689dbf9e2583b1b7) Importer(2089858483,0ecaa5967403d082aa24f35e1b516d23)
Start importing Assets/AQUAS-Lite/Scripts/AQUAS_Lite_Camera.cs using Guid(1c79ca230b752ed4689dbf9e2583b1b7) Importer(2089858483,0ecaa5967403d082aa24f35e1b516d23) Generated GUIDs only implemented for interfaces!
 -> (artifact id: 'b683486dfa328de8a4c89309365f1b27') in 0.029428 seconds 
========================================================================
Received Import Request.
  Time since last request: 0.000076 seconds.
  path: Assets/Conifers [BOTD]/Getting started.txt
  artifactKey: Guid(d52d4e51716964284a2205981add7f73) Importer(2089858483,0ecaa5967403d082aa24f35e1b516d23)
Start importing Assets/Conifers [BOTD]/Getting started.txt using Guid(d52d4e51716964284a2205981add7f73) Importer(2089858483,0ecaa5967403d082aa24f35e1b516d23) Generated GUIDs only implemented for interfaces!
 -> (artifact id: 'b2ccb48706ba77ee2720b737deacdb6b') in 0.025221 seconds 
========================================================================
Received Import Request.
  Time since last request: 0.000061 seconds.
  path: Assets/Lantern/Art/Materials/Candle2_colormap.mat
  artifactKey: Guid(e8a238b982fb7d84483855148e713386) Importer(2089858483,0ecaa5967403d082aa24f35e1b516d23)
Start importing Assets/Lantern/Art/Materials/Candle2_colormap.mat using Guid(e8a238b982fb7d84483855148e713386) Importer(2089858483,0ecaa5967403d082aa24f35e1b516d23) Generated GUIDs only implemented for interfaces!
 -> (artifact id: 'bb3147ec64647262ec8f66d580414d10') in 0.061446 seconds 
========================================================================
Received Import Request.
  Time since last request: 0.000061 seconds.
  path: Assets/CampFire/Prefabs/CampFire.prefab
  artifactKey: Guid(b6f6e45a2d3c443568585923fb300a21) Importer(2089858483,0ecaa5967403d082aa24f35e1b516d23)
Start importing Assets/CampFire/Prefabs/CampFire.prefab using Guid(b6f6e45a2d3c443568585923fb300a21) Importer(2089858483,0ecaa5967403d082aa24f35e1b516d23) Generated GUIDs only implemented for interfaces!
 -> (artifact id: 'e41f31e1d14b6782b4fd82d2accad774') in 0.022332 seconds 
========================================================================
Received Import Request.
  Time since last request: 0.000074 seconds.
  path: Assets/Lantern/Art/Materials/CarvedLampPost.mat
  artifactKey: Guid(77d10d81f215eb34bba1e5cb65e39a24) Importer(2089858483,0ecaa5967403d082aa24f35e1b516d23)
Start importing Assets/Lantern/Art/Materials/CarvedLampPost.mat using Guid(77d10d81f215eb34bba1e5cb65e39a24) Importer(2089858483,0ecaa5967403d082aa24f35e1b516d23) Generated GUIDs only implemented for interfaces!
 -> (artifact id: '0704c8e012122599e1910fbd1fbb12f9') in 0.030538 seconds 
========================================================================
Received Import Request.
  Time since last request: 0.000082 seconds.
  path: Assets/Mini First Person Controller/Audio/Steps.wav
  artifactKey: Guid(f8c14f2814b4b124a894a65c32c44987) Importer(2089858483,0ecaa5967403d082aa24f35e1b516d23)
Start importing Assets/Mini First Person Controller/Audio/Steps.wav using Guid(f8c14f2814b4b124a894a65c32c44987) Importer(2089858483,0ecaa5967403d082aa24f35e1b516d23) Generated GUIDs only implemented for interfaces!
 -> (artifact id: '2c537d80e532f75f4fea061693f277af') in 0.141220 seconds 
========================================================================
Received Import Request.
  Time since last request: 0.000048 seconds.
  path: Assets/AQUAS-Lite/Demo/Textures/Cliffs_normal.jpg
  artifactKey: Guid(5e2137d62de0b4846ac0dd23bc393af0) Importer(2089858483,0ecaa5967403d082aa24f35e1b516d23)
Start importing Assets/AQUAS-Lite/Demo/Textures/Cliffs_normal.jpg using Guid(5e2137d62de0b4846ac0dd23bc393af0) Importer(2089858483,0ecaa5967403d082aa24f35e1b516d23) Generated GUIDs only implemented for interfaces!
 -> (artifact id: 'c815196686139ca366b8508581a4d6bb') in 0.129114 seconds 
========================================================================
Received Import Request.
  Time since last request: 0.000432 seconds.
  path: Assets/GrassFlowers/Textures/GrassFlowers/grassFlower01.tga
  artifactKey: Guid(5733619f617fd954cac22d3d11fd1b93) Importer(2089858483,0ecaa5967403d082aa24f35e1b516d23)
Start importing Assets/GrassFlowers/Textures/GrassFlowers/grassFlower01.tga using Guid(5733619f617fd954cac22d3d11fd1b93) Importer(2089858483,0ecaa5967403d082aa24f35e1b516d23) Generated GUIDs only implemented for interfaces!
 -> (artifact id: '333bbbe915f3ccf69a77b33bb03c9c16') in 0.049029 seconds 
========================================================================
Received Import Request.
  Time since last request: 0.000073 seconds.
  path: Assets/Lantern/Art/Textures/Candle2 emission.png
  artifactKey: Guid(6545dea8da10a374f899fc0228757015) Importer(2089858483,0ecaa5967403d082aa24f35e1b516d23)
Start importing Assets/Lantern/Art/Textures/Candle2 emission.png using Guid(6545dea8da10a374f899fc0228757015) Importer(2089858483,0ecaa5967403d082aa24f35e1b516d23) Generated GUIDs only implemented for interfaces!
 -> (artifact id: '375681f4c6627a4a062858e978d4e2fe') in 0.044427 seconds 
========================================================================
Received Import Request.
  Time since last request: 0.000062 seconds.
  path: Assets/Lantern/Art/Textures/CarvedLampPost2 [Albedo].png
  artifactKey: Guid(1f35c83ac2332574aae42ce893a0d133) Importer(2089858483,0ecaa5967403d082aa24f35e1b516d23)
Start importing Assets/Lantern/Art/Textures/CarvedLampPost2 [Albedo].png using Guid(1f35c83ac2332574aae42ce893a0d133) Importer(2089858483,0ecaa5967403d082aa24f35e1b516d23) Generated GUIDs only implemented for interfaces!
 -> (artifact id: 'a08b0a3395ed6af6514a4034120a9531') in 0.052854 seconds 
========================================================================
Received Import Request.
  Time since last request: 0.000053 seconds.
  path: Assets/Lantern/Animation/red_flame_0.controller
  artifactKey: Guid(afdc6e8bcd57e9e42a64978e5ea081e9) Importer(2089858483,0ecaa5967403d082aa24f35e1b516d23)
Start importing Assets/Lantern/Animation/red_flame_0.controller using Guid(afdc6e8bcd57e9e42a64978e5ea081e9) Importer(2089858483,0ecaa5967403d082aa24f35e1b516d23) Generated GUIDs only implemented for interfaces!
 -> (artifact id: 'e5583a8b83b3b818cb72ca787f8b890e') in 0.023699 seconds 
========================================================================
Received Import Request.
  Time since last request: 0.000051 seconds.
  path: Assets/GrassFlowers/Textures/GrassFlowers/grass02.tga
  artifactKey: Guid(cf3069941001b5c46b1f13d4551d0fd9) Importer(2089858483,0ecaa5967403d082aa24f35e1b516d23)
Start importing Assets/GrassFlowers/Textures/GrassFlowers/grass02.tga using Guid(cf3069941001b5c46b1f13d4551d0fd9) Importer(2089858483,0ecaa5967403d082aa24f35e1b516d23) Generated GUIDs only implemented for interfaces!
 -> (artifact id: '4b99c126f3abbbca833e8ef505096a12') in 0.044540 seconds 
========================================================================
Received Import Request.
  Time since last request: 0.000057 seconds.
  path: Assets/GrassFlowers/Textures/GrassFlowers/grass01.tga
  artifactKey: Guid(91a1945982e98be4d9fe3e3d12fdebd8) Importer(2089858483,0ecaa5967403d082aa24f35e1b516d23)
Start importing Assets/GrassFlowers/Textures/GrassFlowers/grass01.tga using Guid(91a1945982e98be4d9fe3e3d12fdebd8) Importer(2089858483,0ecaa5967403d082aa24f35e1b516d23) Generated GUIDs only implemented for interfaces!
 -> (artifact id: 'f9b10e215c1d6f4ff34f04187a41ef67') in 0.049298 seconds 
========================================================================
Received Import Request.
  Time since last request: 0.000066 seconds.
  path: Assets/Conifers [BOTD]/Conifers [BOTD] URP Readme.txt
  artifactKey: Guid(1488c255586882840834c45e0c575cad) Importer(2089858483,0ecaa5967403d082aa24f35e1b516d23)
Start importing Assets/Conifers [BOTD]/Conifers [BOTD] URP Readme.txt using Guid(1488c255586882840834c45e0c575cad) Importer(2089858483,0ecaa5967403d082aa24f35e1b516d23) Generated GUIDs only implemented for interfaces!
 -> (artifact id: '559a15f80cace485dae3b026c3704b1d') in 0.014854 seconds 
========================================================================
Received Import Request.
  Time since last request: 0.000081 seconds.
  path: Assets/Lantern/Art/Models/Latern2.fbx
  artifactKey: Guid(2822a6c192bfe4644849c5e3d4bb4f2a) Importer(2089858483,0ecaa5967403d082aa24f35e1b516d23)
Start importing Assets/Lantern/Art/Models/Latern2.fbx using Guid(2822a6c192bfe4644849c5e3d4bb4f2a) Importer(2089858483,0ecaa5967403d082aa24f35e1b516d23) Generated GUIDs only implemented for interfaces!
 -> (artifact id: '2c4ff9693b86e8f76002f3256c89a025') in 0.145873 seconds 
========================================================================
Received Import Request.
  Time since last request: 0.000053 seconds.
  path: Assets/Lantern/Code/GlassStainedBumpDistort.shader
  artifactKey: Guid(963484209d11fd7f110076aa44295342) Importer(2089858483,0ecaa5967403d082aa24f35e1b516d23)
Start importing Assets/Lantern/Code/GlassStainedBumpDistort.shader using Guid(963484209d11fd7f110076aa44295342) Importer(2089858483,0ecaa5967403d082aa24f35e1b516d23) Generated GUIDs only implemented for interfaces!
 -> (artifact id: '3e4ebaf3cb4b3a659f26aec6b7976a2e') in 0.047958 seconds 
========================================================================
Received Import Request.
  Time since last request: 0.000182 seconds.
  path: Assets/AQUAS-Lite/Textures/AQUAS_Foam.jpg
  artifactKey: Guid(6cb123095ca4b4e4680773312ba1c076) Importer(2089858483,0ecaa5967403d082aa24f35e1b516d23)
Start importing Assets/AQUAS-Lite/Textures/AQUAS_Foam.jpg using Guid(6cb123095ca4b4e4680773312ba1c076) Importer(2089858483,0ecaa5967403d082aa24f35e1b516d23) Generated GUIDs only implemented for interfaces!
 -> (artifact id: '51866eacb11a918f868c46f6e0ff794f') in 0.039128 seconds 
========================================================================
Received Import Request.
  Time since last request: 0.000069 seconds.
  path: Assets/Lantern/Art/Textures/Latern2 [Normal].png
  artifactKey: Guid(17f4317bfae6ff544ab6cf01f2c65c61) Importer(2089858483,0ecaa5967403d082aa24f35e1b516d23)
Start importing Assets/Lantern/Art/Textures/Latern2 [Normal].png using Guid(17f4317bfae6ff544ab6cf01f2c65c61) Importer(2089858483,0ecaa5967403d082aa24f35e1b516d23) Generated GUIDs only implemented for interfaces!
 -> (artifact id: 'c16a0d652a6b4b3d51ddde00d360c587') in 0.047017 seconds 
========================================================================
Received Import Request.
  Time since last request: 0.000266 seconds.
  path: Assets/Lantern/Art/Textures/Candle2 [Specular].tif
  artifactKey: Guid(2488b7231f29a604b846afaf2cadfd98) Importer(2089858483,0ecaa5967403d082aa24f35e1b516d23)
Start importing Assets/Lantern/Art/Textures/Candle2 [Specular].tif using Guid(2488b7231f29a604b846afaf2cadfd98) Importer(2089858483,0ecaa5967403d082aa24f35e1b516d23) Generated GUIDs only implemented for interfaces!
 -> (artifact id: '936e0572cac9d8d5d3900d57212d3e77') in 0.046994 seconds 
========================================================================
Received Import Request.
  Time since last request: 0.000049 seconds.
  path: Assets/AQUAS-Lite/Demo/Textures/RockGrassy.jpg
  artifactKey: Guid(d64e707b7eb5d144fa11d381b14d1fa1) Importer(2089858483,0ecaa5967403d082aa24f35e1b516d23)
Start importing Assets/AQUAS-Lite/Demo/Textures/RockGrassy.jpg using Guid(d64e707b7eb5d144fa11d381b14d1fa1) Importer(2089858483,0ecaa5967403d082aa24f35e1b516d23) Generated GUIDs only implemented for interfaces!
 -> (artifact id: '0a2e14450ffd107560a2e7b8d86caf5f') in 0.040856 seconds 
========================================================================
Received Import Request.
  Time since last request: 0.000072 seconds.
  path: Assets/Conifers [BOTD]/CTI_URP_12.0_runtime.unitypackage
  artifactKey: Guid(d5c6503be96872e48b5348c4272ae96f) Importer(2089858483,0ecaa5967403d082aa24f35e1b516d23)
Start importing Assets/Conifers [BOTD]/CTI_URP_12.0_runtime.unitypackage using Guid(d5c6503be96872e48b5348c4272ae96f) Importer(2089858483,0ecaa5967403d082aa24f35e1b516d23) Generated GUIDs only implemented for interfaces!
 -> (artifact id: 'd26708502cc125cb22bbeeac4406127d') in 0.024595 seconds 
========================================================================
Received Import Request.
  Time since last request: 0.000070 seconds.
  path: Assets/Mini First Person Controller/Demo/readme.pdf
  artifactKey: Guid(2d6d961d8f9e0bc4198fc156b2d945a9) Importer(2089858483,0ecaa5967403d082aa24f35e1b516d23)
Start importing Assets/Mini First Person Controller/Demo/readme.pdf using Guid(2d6d961d8f9e0bc4198fc156b2d945a9) Importer(2089858483,0ecaa5967403d082aa24f35e1b516d23) Generated GUIDs only implemented for interfaces!
 -> (artifact id: 'dcfb97907e07e16f5593d54004ae4b9c') in 0.179189 seconds 
========================================================================
Received Import Request.
  Time since last request: 0.000104 seconds.
  path: Assets/Lantern/Art/Textures/red_flame.tif
  artifactKey: Guid(e467a7f7b7a4a714db7da4a6ada82425) Importer(2089858483,0ecaa5967403d082aa24f35e1b516d23)
Start importing Assets/Lantern/Art/Textures/red_flame.tif using Guid(e467a7f7b7a4a714db7da4a6ada82425) Importer(2089858483,0ecaa5967403d082aa24f35e1b516d23) Generated GUIDs only implemented for interfaces!
 -> (artifact id: 'eea8a45860a827650b356dd02a4fe1a5') in 0.321592 seconds 
========================================================================
Received Import Request.
  Time since last request: 0.000069 seconds.
  path: Assets/Mini First Person Controller/Audio/Crouch/Crouch start 3.wav
  artifactKey: Guid(3e0e4a1bf1a03c24a85ad855f4be231e) Importer(2089858483,0ecaa5967403d082aa24f35e1b516d23)
Start importing Assets/Mini First Person Controller/Audio/Crouch/Crouch start 3.wav using Guid(3e0e4a1bf1a03c24a85ad855f4be231e) Importer(2089858483,0ecaa5967403d082aa24f35e1b516d23) Generated GUIDs only implemented for interfaces!
 -> (artifact id: 'bb2e6b726b9ee8e98f91d172fa469dcb') in 0.102242 seconds 
========================================================================
Received Import Request.
  Time since last request: 0.000080 seconds.
  path: Assets/Lantern/Code/CameraFacing.cs
  artifactKey: Guid(03d835f862f58074b859165457db4dde) Importer(2089858483,0ecaa5967403d082aa24f35e1b516d23)
Start importing Assets/Lantern/Code/CameraFacing.cs using Guid(03d835f862f58074b859165457db4dde) Importer(2089858483,0ecaa5967403d082aa24f35e1b516d23) Generated GUIDs only implemented for interfaces!
 -> (artifact id: 'f40ff774af9697d6507e5b98da06a369') in 0.015752 seconds 
========================================================================
Received Import Request.
  Time since last request: 0.000047 seconds.
  path: Assets/Lantern/Art/Materials/Lamp2colormap.mat
  artifactKey: Guid(b5468ab085cc2a04b8f560aff873e193) Importer(2089858483,0ecaa5967403d082aa24f35e1b516d23)
Start importing Assets/Lantern/Art/Materials/Lamp2colormap.mat using Guid(b5468ab085cc2a04b8f560aff873e193) Importer(2089858483,0ecaa5967403d082aa24f35e1b516d23) Generated GUIDs only implemented for interfaces!
 -> (artifact id: '04265d194c534592aa0e8520e4382cdb') in 0.036074 seconds 
========================================================================
Received Import Request.
  Time since last request: 0.000059 seconds.
  path: Assets/Mini First Person Controller/Demo/Demo Mini FPC Minimal.unity
  artifactKey: Guid(61309573591a99c4ca97697d104b41ed) Importer(2089858483,0ecaa5967403d082aa24f35e1b516d23)
Start importing Assets/Mini First Person Controller/Demo/Demo Mini FPC Minimal.unity using Guid(61309573591a99c4ca97697d104b41ed) Importer(2089858483,0ecaa5967403d082aa24f35e1b516d23) Generated GUIDs only implemented for interfaces!
 -> (artifact id: '7cc4b4785a28cfc7929eef844e64db6b') in 0.011478 seconds 
========================================================================
Received Import Request.
  Time since last request: 0.000054 seconds.
  path: Assets/GrassFlowers/Textures/GrassFlowers/grassFlower02.tga
  artifactKey: Guid(b0601839c4520064bb61d58d088810bc) Importer(2089858483,0ecaa5967403d082aa24f35e1b516d23)
Start importing Assets/GrassFlowers/Textures/GrassFlowers/grassFlower02.tga using Guid(b0601839c4520064bb61d58d088810bc) Importer(2089858483,0ecaa5967403d082aa24f35e1b516d23) Generated GUIDs only implemented for interfaces!
 -> (artifact id: '95b62929eff7b6bfdd95fcc8bb441497') in 0.049690 seconds 
========================================================================
Received Import Request.
  Time since last request: 0.000048 seconds.
  path: Assets/Mini First Person Controller/Audio/Jump/Jump 2.wav
  artifactKey: Guid(5b26cf3cd5f6b914a80e6d3476caaf86) Importer(2089858483,0ecaa5967403d082aa24f35e1b516d23)
Start importing Assets/Mini First Person Controller/Audio/Jump/Jump 2.wav using Guid(5b26cf3cd5f6b914a80e6d3476caaf86) Importer(2089858483,0ecaa5967403d082aa24f35e1b516d23) Generated GUIDs only implemented for interfaces!
 -> (artifact id: '81d282f486333850a65c28f6641968da') in 0.097220 seconds 
========================================================================
Received Import Request.
  Time since last request: 0.000065 seconds.
  path: Assets/Scenes/SampleScene.unity
  artifactKey: Guid(9fc0d4010bbf28b4594072e72b8655ab) Importer(2089858483,0ecaa5967403d082aa24f35e1b516d23)
Start importing Assets/Scenes/SampleScene.unity using Guid(9fc0d4010bbf28b4594072e72b8655ab) Importer(2089858483,0ecaa5967403d082aa24f35e1b516d23) Generated GUIDs only implemented for interfaces!
 -> (artifact id: '5f455fd33507706c55d9d1e2aefd4468') in 0.009958 seconds 
========================================================================
Received Import Request.
  Time since last request: 0.000068 seconds.
  path: Assets/GrassFlowers/Demo/DemoGrassFlowers/LightingData.asset
  artifactKey: Guid(5490dd165db8d15458e920b5c398e991) Importer(2089858483,0ecaa5967403d082aa24f35e1b516d23)
Start importing Assets/GrassFlowers/Demo/DemoGrassFlowers/LightingData.asset using Guid(5490dd165db8d15458e920b5c398e991) Importer(2089858483,0ecaa5967403d082aa24f35e1b516d23) Generated GUIDs only implemented for interfaces!
 -> (artifact id: '4170c5528688a3c61eca5fda40e400ec') in 0.025785 seconds 
========================================================================
Received Import Request.
  Time since last request: 0.000061 seconds.
  path: Assets/GrassFlowers/Textures/GrassFlowers/grassFlower05.tga
  artifactKey: Guid(e3b33de953074bc4a88d9487f19c1202) Importer(2089858483,0ecaa5967403d082aa24f35e1b516d23)
Start importing Assets/GrassFlowers/Textures/GrassFlowers/grassFlower05.tga using Guid(e3b33de953074bc4a88d9487f19c1202) Importer(2089858483,0ecaa5967403d082aa24f35e1b516d23) Generated GUIDs only implemented for interfaces!
 -> (artifact id: 'ce8d26af7a50ef0a76d663c80394d4ee') in 0.045888 seconds 
========================================================================
Received Import Request.
  Time since last request: 0.000055 seconds.
  path: Assets/AQUAS-Lite/Readme.txt
  artifactKey: Guid(87273659382d621429deeb9edbe7ef1a) Importer(2089858483,0ecaa5967403d082aa24f35e1b516d23)
Start importing Assets/AQUAS-Lite/Readme.txt using Guid(87273659382d621429deeb9edbe7ef1a) Importer(2089858483,0ecaa5967403d082aa24f35e1b516d23) Generated GUIDs only implemented for interfaces!
 -> (artifact id: '1eeb484df6bb7734a9dabb5fce95c195') in 0.020368 seconds 
========================================================================
Received Import Request.
  Time since last request: 0.000055 seconds.
  path: Assets/GrassFlowers/Demo/DemoGrassFlowersSettings.lighting
  artifactKey: Guid(bb0c94da90ebd3b4da44eaf1c0315eb1) Importer(2089858483,0ecaa5967403d082aa24f35e1b516d23)
Start importing Assets/GrassFlowers/Demo/DemoGrassFlowersSettings.lighting using Guid(bb0c94da90ebd3b4da44eaf1c0315eb1) Importer(2089858483,0ecaa5967403d082aa24f35e1b516d23) LightingSettings: switching bake backend from 1 to 0.
Generated GUIDs only implemented for interfaces!
 -> (artifact id: 'b8e6455408cb8e970df56ddcfd3a8ba0') in 0.055900 seconds 
========================================================================
Received Import Request.
  Time since last request: 0.000081 seconds.
  path: Assets/AQUAS-Lite/Models/WaterPlane.fbx
  artifactKey: Guid(c9c3797c5d4107747a25bfa19fd7ae39) Importer(2089858483,0ecaa5967403d082aa24f35e1b516d23)
Start importing Assets/AQUAS-Lite/Models/WaterPlane.fbx using Guid(c9c3797c5d4107747a25bfa19fd7ae39) Importer(2089858483,0ecaa5967403d082aa24f35e1b516d23) Generated GUIDs only implemented for interfaces!
 -> (artifact id: 'a70c71e42ff16bd4d74b8592cb0ab472') in 0.042811 seconds 
========================================================================
Received Import Request.
  Time since last request: 0.000082 seconds.
  path: Assets/GrassFlowers/Textures/GrassFlowers/grassFlower08.tga
  artifactKey: Guid(8900a35e436818940b97df26c3a8a1aa) Importer(2089858483,0ecaa5967403d082aa24f35e1b516d23)
Start importing Assets/GrassFlowers/Textures/GrassFlowers/grassFlower08.tga using Guid(8900a35e436818940b97df26c3a8a1aa) Importer(2089858483,0ecaa5967403d082aa24f35e1b516d23) Generated GUIDs only implemented for interfaces!
 -> (artifact id: 'a673d00f9ea3ce15df269227224a0887') in 0.049672 seconds 
========================================================================
Received Import Request.
  Time since last request: 0.000060 seconds.
  path: Assets/Mini First Person Controller/Scripts/Components/Crouch.cs
  artifactKey: Guid(27b67ddb3d23b8340b125aede56d7e8c) Importer(2089858483,0ecaa5967403d082aa24f35e1b516d23)
Start importing Assets/Mini First Person Controller/Scripts/Components/Crouch.cs using Guid(27b67ddb3d23b8340b125aede56d7e8c) Importer(2089858483,0ecaa5967403d082aa24f35e1b516d23) Generated GUIDs only implemented for interfaces!
 -> (artifact id: '3ba1c57da6c42c5df7c53dddf94b0dca') in 0.021970 seconds 
========================================================================
Received Import Request.
  Time since last request: 0.000055 seconds.
  path: Assets/Mini First Person Controller/Scripts/Components/GroundCheck.cs
  artifactKey: Guid(084c01ab381b9da4082c1f84cf70751b) Importer(2089858483,0ecaa5967403d082aa24f35e1b516d23)
Start importing Assets/Mini First Person Controller/Scripts/Components/GroundCheck.cs using Guid(084c01ab381b9da4082c1f84cf70751b) Importer(2089858483,0ecaa5967403d082aa24f35e1b516d23) Generated GUIDs only implemented for interfaces!
 -> (artifact id: '1394ef906b0b7131ba104ca51659207e') in 0.013637 seconds 
========================================================================
Received Import Request.
  Time since last request: 0.000052 seconds.
  path: Assets/Mini First Person Controller/Scripts/Components/FirstPersonAudio.cs
  artifactKey: Guid(6f45facc01772ba47a9ae17bb7061b71) Importer(2089858483,0ecaa5967403d082aa24f35e1b516d23)
Start importing Assets/Mini First Person Controller/Scripts/Components/FirstPersonAudio.cs using Guid(6f45facc01772ba47a9ae17bb7061b71) Importer(2089858483,0ecaa5967403d082aa24f35e1b516d23) Generated GUIDs only implemented for interfaces!
 -> (artifact id: '17dc3fa8f6cea47b700c22dcfcbe6209') in 0.013496 seconds 
========================================================================
Received Import Request.
  Time since last request: 0.000064 seconds.
  path: Assets/Conifers [BOTD]/Render Pipeline Support/Built-in RP/CTI Runtime Components/PF CTI Windzone.prefab
  artifactKey: Guid(eaf383cb55cf38f448529df28e28abba) Importer(2089858483,0ecaa5967403d082aa24f35e1b516d23)
Start importing Assets/Conifers [BOTD]/Render Pipeline Support/Built-in RP/CTI Runtime Components/PF CTI Windzone.prefab using Guid(eaf383cb55cf38f448529df28e28abba) Importer(2089858483,0ecaa5967403d082aa24f35e1b516d23) Generated GUIDs only implemented for interfaces!
 -> (artifact id: 'ac6d376c7a9b577eec55e7ae9e8b162e') in 0.047891 seconds 
========================================================================
Received Import Request.
  Time since last request: 0.000066 seconds.
  path: Assets/Mini First Person Controller/Scripts/Components/Zoom.cs
  artifactKey: Guid(780f90e951d635f439326ea715cd97e9) Importer(2089858483,0ecaa5967403d082aa24f35e1b516d23)
Start importing Assets/Mini First Person Controller/Scripts/Components/Zoom.cs using Guid(780f90e951d635f439326ea715cd97e9) Importer(2089858483,0ecaa5967403d082aa24f35e1b516d23) Generated GUIDs only implemented for interfaces!
 -> (artifact id: '8d06e92f2cfea6b16b4aacde7f865f9a') in 0.012209 seconds 
========================================================================
Received Import Request.
  Time since last request: 0.000072 seconds.
  path: Assets/Art/Textures/Ground Dirt (Diffuse).jpg
  artifactKey: Guid(c8bf786d1798794479b146624a4906d9) Importer(2089858483,0ecaa5967403d082aa24f35e1b516d23)
Start importing Assets/Art/Textures/Ground Dirt (Diffuse).jpg using Guid(c8bf786d1798794479b146624a4906d9) Importer(2089858483,0ecaa5967403d082aa24f35e1b516d23) Generated GUIDs only implemented for interfaces!
 -> (artifact id: 'f269578e565e79d2921b9730f65a265d') in 0.041880 seconds 
========================================================================
Received Import Request.
  Time since last request: 0.000058 seconds.
  path: Assets/Mini First Person Controller/Audio/Crouch/Crouch end 3.wav
  artifactKey: Guid(9d46f9a0e3e8be44aa2dc581bd6e0c97) Importer(2089858483,0ecaa5967403d082aa24f35e1b516d23)
Start importing Assets/Mini First Person Controller/Audio/Crouch/Crouch end 3.wav using Guid(9d46f9a0e3e8be44aa2dc581bd6e0c97) Importer(2089858483,0ecaa5967403d082aa24f35e1b516d23) Generated GUIDs only implemented for interfaces!
 -> (artifact id: 'e7a31985bea238e2acd3312793e9101b') in 0.107852 seconds 
========================================================================
Received Import Request.
  Time since last request: 0.000048 seconds.
  path: Assets/Mini First Person Controller/Audio/Crouch/Crouch end 2.wav
  artifactKey: Guid(e6f44b6fce71be34dbbd6d12cb3d3b8c) Importer(2089858483,0ecaa5967403d082aa24f35e1b516d23)
Start importing Assets/Mini First Person Controller/Audio/Crouch/Crouch end 2.wav using Guid(e6f44b6fce71be34dbbd6d12cb3d3b8c) Importer(2089858483,0ecaa5967403d082aa24f35e1b516d23) Generated GUIDs only implemented for interfaces!
 -> (artifact id: '33bb7e49dee89c911d7bbfdb9b492576') in 0.117992 seconds 
========================================================================
Received Import Request.
  Time since last request: 0.000072 seconds.
  path: Assets/Conifers [BOTD]/Render Pipeline Support/Built-in RP/CTI Runtime Components/Resources/CTI_Internal-DeferredShading.shader
  artifactKey: Guid(74c1aeb6f161f4fc5959aedac7310b49) Importer(2089858483,0ecaa5967403d082aa24f35e1b516d23)
Start importing Assets/Conifers [BOTD]/Render Pipeline Support/Built-in RP/CTI Runtime Components/Resources/CTI_Internal-DeferredShading.shader using Guid(74c1aeb6f161f4fc5959aedac7310b49) Importer(2089858483,0ecaa5967403d082aa24f35e1b516d23) Generated GUIDs only implemented for interfaces!
 -> (artifact id: 'b64de664a4f385dbe133e59a7b075495') in 0.024748 seconds 
========================================================================
Received Import Request.
  Time since last request: 0.000071 seconds.
  path: Assets/Conifers [BOTD]/Render Pipeline Support/Built-in RP/CTI Runtime Components/Resources/CTI_Internal-DeferredReflections.shader
  artifactKey: Guid(7970282d66a10481fb439bfdb237312a) Importer(2089858483,0ecaa5967403d082aa24f35e1b516d23)
Start importing Assets/Conifers [BOTD]/Render Pipeline Support/Built-in RP/CTI Runtime Components/Resources/CTI_Internal-DeferredReflections.shader using Guid(7970282d66a10481fb439bfdb237312a) Importer(2089858483,0ecaa5967403d082aa24f35e1b516d23) Generated GUIDs only implemented for interfaces!
 -> (artifact id: 'ef60e295a68925e3b97bbe3126ff2ece') in 0.022881 seconds 
========================================================================
Received Import Request.
  Time since last request: 0.000060 seconds.
  path: Assets/AQUAS-Lite/Materials/AQUAS_Lite_Water_Backface.mat
  artifactKey: Guid(6363f60797ab0fb49b1ff852b0978304) Importer(2089858483,0ecaa5967403d082aa24f35e1b516d23)
Start importing Assets/AQUAS-Lite/Materials/AQUAS_Lite_Water_Backface.mat using Guid(6363f60797ab0fb49b1ff852b0978304) Importer(2089858483,0ecaa5967403d082aa24f35e1b516d23) Generated GUIDs only implemented for interfaces!
 -> (artifact id: '5ef831fd784231eec197f83e74f8bc23') in 0.104413 seconds 
========================================================================
Received Import Request.
  Time since last request: 0.000051 seconds.
  path: Assets/GrassFlowers/Post-Processing For GrassFlowers.asset
  artifactKey: Guid(150fbd13cfcddb34ebc82b228a769165) Importer(2089858483,0ecaa5967403d082aa24f35e1b516d23)
Start importing Assets/GrassFlowers/Post-Processing For GrassFlowers.asset using Guid(150fbd13cfcddb34ebc82b228a769165) Importer(2089858483,0ecaa5967403d082aa24f35e1b516d23) Generated GUIDs only implemented for interfaces!
 -> (artifact id: '87454802cbda81083420ec2866859395') in 0.015621 seconds 
========================================================================
Received Import Request.
  Time since last request: 0.000349 seconds.
  path: Assets/GrassFlowers/Textures/GrassFlowers/grassFlower10.tga
  artifactKey: Guid(dcefc591c195a9f468e9157baa03eb4f) Importer(2089858483,0ecaa5967403d082aa24f35e1b516d23)
Start importing Assets/GrassFlowers/Textures/GrassFlowers/grassFlower10.tga using Guid(dcefc591c195a9f468e9157baa03eb4f) Importer(2089858483,0ecaa5967403d082aa24f35e1b516d23) Generated GUIDs only implemented for interfaces!
 -> (artifact id: 'dd4f3b25c66bcb5023860baba8324b6a') in 0.057079 seconds 
========================================================================
Received Import Request.
  Time since last request: 0.000073 seconds.
  path: Assets/AQUAS-Lite/Scripts/AQUAS_Lite_CamNav.cs
  artifactKey: Guid(25444af753bc0e745bd754d2d4e07afd) Importer(2089858483,0ecaa5967403d082aa24f35e1b516d23)
Start importing Assets/AQUAS-Lite/Scripts/AQUAS_Lite_CamNav.cs using Guid(25444af753bc0e745bd754d2d4e07afd) Importer(2089858483,0ecaa5967403d082aa24f35e1b516d23) Generated GUIDs only implemented for interfaces!
 -> (artifact id: 'bc66e4e3bd441ea7d873478b045a227f') in 0.013569 seconds 
========================================================================
Received Import Request.
  Time since last request: 0.000063 seconds.
  path: Assets/AQUAS-Lite/Demo/Textures/Gravel.jpg
  artifactKey: Guid(fe4e2613219b2654c82dd59079667fe6) Importer(2089858483,0ecaa5967403d082aa24f35e1b516d23)
Start importing Assets/AQUAS-Lite/Demo/Textures/Gravel.jpg using Guid(fe4e2613219b2654c82dd59079667fe6) Importer(2089858483,0ecaa5967403d082aa24f35e1b516d23) Generated GUIDs only implemented for interfaces!
 -> (artifact id: 'c476a0edb8de24f4f7e22df723ffec65') in 0.052066 seconds 
========================================================================
Received Import Request.
  Time since last request: 0.000071 seconds.
  path: Assets/Conifers [BOTD]/Shared Sources/Textures/BODT Conifer Branches [Trans] [Smoothness].psd
  artifactKey: Guid(ca6a46a4d37514e00ae826202bad794e) Importer(2089858483,0ecaa5967403d082aa24f35e1b516d23)
Start importing Assets/Conifers [BOTD]/Shared Sources/Textures/BODT Conifer Branches [Trans] [Smoothness].psd using Guid(ca6a46a4d37514e00ae826202bad794e) Importer(2089858483,0ecaa5967403d082aa24f35e1b516d23) Generated GUIDs only implemented for interfaces!
 -> (artifact id: '74d3d82d308e7515cb7a63d782057455') in 0.044674 seconds 
========================================================================
Received Import Request.
  Time since last request: 0.000350 seconds.
  path: Assets/Conifers [BOTD]/Render Pipeline Support/Built-in RP/CTI Runtime Components/Shaders/CTI_LOD_Bark_Array_301.shader
  artifactKey: Guid(00baf766089b44ee3b05e340b19c821c) Importer(2089858483,0ecaa5967403d082aa24f35e1b516d23)
Start importing Assets/Conifers [BOTD]/Render Pipeline Support/Built-in RP/CTI Runtime Components/Shaders/CTI_LOD_Bark_Array_301.shader using Guid(00baf766089b44ee3b05e340b19c821c) Importer(2089858483,0ecaa5967403d082aa24f35e1b516d23) Generated GUIDs only implemented for interfaces!
 -> (artifact id: 'da9154a34899cf2c7210dd94e7e9d3a9') in 0.064649 seconds 
========================================================================
Received Import Request.
  Time since last request: 0.000069 seconds.
  path: Assets/Conifers [BOTD]/Render Pipeline Support/Built-in RP/Sources/Billboards/Conifer Bare_BillboardAsset.asset
  artifactKey: Guid(745760c8ac5934904ab25d5a8942ad44) Importer(2089858483,0ecaa5967403d082aa24f35e1b516d23)
Start importing Assets/Conifers [BOTD]/Render Pipeline Support/Built-in RP/Sources/Billboards/Conifer Bare_BillboardAsset.asset using Guid(745760c8ac5934904ab25d5a8942ad44) Importer(2089858483,0ecaa5967403d082aa24f35e1b516d23) Generated GUIDs only implemented for interfaces!
 -> (artifact id: '0f19cb47bf563955aa9cfbfbdfaf416a') in 0.020354 seconds 
========================================================================
Received Import Request.
  Time since last request: 0.000106 seconds.
  path: Assets/Conifers [BOTD]/Render Pipeline Support/Built-in RP/CTI Runtime Components/Shaders/CTI_LOD_Leaves_301.shader
  artifactKey: Guid(6ae32366f15a64fc19f245f040af8f21) Importer(2089858483,0ecaa5967403d082aa24f35e1b516d23)
Start importing Assets/Conifers [BOTD]/Render Pipeline Support/Built-in RP/CTI Runtime Components/Shaders/CTI_LOD_Leaves_301.shader using Guid(6ae32366f15a64fc19f245f040af8f21) Importer(2089858483,0ecaa5967403d082aa24f35e1b516d23) Generated GUIDs only implemented for interfaces!
 -> (artifact id: 'e6a4ec9f6b2447d5f6123a561bb23479') in 0.114828 seconds 
========================================================================
Received Import Request.
  Time since last request: 0.000057 seconds.
  path: Assets/Conifers [BOTD]/CTI_URP_11.0_runtime.unitypackage
  artifactKey: Guid(9a480bd7d5bfc664cb6763b6a5dd4993) Importer(2089858483,0ecaa5967403d082aa24f35e1b516d23)
Start importing Assets/Conifers [BOTD]/CTI_URP_11.0_runtime.unitypackage using Guid(9a480bd7d5bfc664cb6763b6a5dd4993) Importer(2089858483,0ecaa5967403d082aa24f35e1b516d23) Generated GUIDs only implemented for interfaces!
 -> (artifact id: '716ba8b9c485d24ca0c47b2e75c5a716') in 0.011850 seconds 
========================================================================
Received Import Request.
  Time since last request: 0.000052 seconds.
  path: Assets/AQUAS-Lite/Shaders/AQUAS-Lite_Backface.shader
  artifactKey: Guid(6c5f1c7411ec6004fb354db7ff23d494) Importer(2089858483,0ecaa5967403d082aa24f35e1b516d23)
Start importing Assets/AQUAS-Lite/Shaders/AQUAS-Lite_Backface.shader using Guid(6c5f1c7411ec6004fb354db7ff23d494) Importer(2089858483,0ecaa5967403d082aa24f35e1b516d23) Generated GUIDs only implemented for interfaces!
 -> (artifact id: '68e92b77015dc069aed546c3db1d4c7d') in 0.041348 seconds 
========================================================================
Received Import Request.
  Time since last request: 0.000077 seconds.
  path: Assets/Conifers [BOTD]/Shared Sources/Textures/BODT Conifer x Stump [Albedo] [Smoothness].tif
  artifactKey: Guid(d7e1060759db04260bbeb12bc11664bd) Importer(2089858483,0ecaa5967403d082aa24f35e1b516d23)
Start importing Assets/Conifers [BOTD]/Shared Sources/Textures/BODT Conifer x Stump [Albedo] [Smoothness].tif using Guid(d7e1060759db04260bbeb12bc11664bd) Importer(2089858483,0ecaa5967403d082aa24f35e1b516d23) Generated GUIDs only implemented for interfaces!
 -> (artifact id: 'b05a4f8dea5ac1427fcc8d53f31513c8') in 0.085098 seconds 
========================================================================
Received Import Request.
  Time since last request: 0.000100 seconds.
  path: Assets/Mini First Person Controller/First Person Controller.prefab
  artifactKey: Guid(11aaea5348574644a9eb4f4504fcce3f) Importer(2089858483,0ecaa5967403d082aa24f35e1b516d23)
Start importing Assets/Mini First Person Controller/First Person Controller.prefab using Guid(11aaea5348574644a9eb4f4504fcce3f) Importer(2089858483,0ecaa5967403d082aa24f35e1b516d23) Generated GUIDs only implemented for interfaces!
 -> (artifact id: '7fd1feb2c778b814746dc02f5bcc2b1d') in 0.107023 seconds 
========================================================================
Received Import Request.
  Time since last request: 0.000059 seconds.
  path: Assets/Conifers [BOTD]/Render Pipeline Support/Built-in RP/Sources/Billboards/Conifer Tall_BillboardMaterial.mat
  artifactKey: Guid(cb64c4536ee5b445783c428f4a53af1c) Importer(2089858483,0ecaa5967403d082aa24f35e1b516d23)
Start importing Assets/Conifers [BOTD]/Render Pipeline Support/Built-in RP/Sources/Billboards/Conifer Tall_BillboardMaterial.mat using Guid(cb64c4536ee5b445783c428f4a53af1c) Importer(2089858483,0ecaa5967403d082aa24f35e1b516d23) Generated GUIDs only implemented for interfaces!
 -> (artifact id: '1ca5a5f7076ead4626bc0af49fe24fb5') in 0.041993 seconds 
========================================================================
Received Import Request.
  Time since last request: 0.000076 seconds.
  path: Assets/Conifers [BOTD]/Render Pipeline Support/Built-in RP/Sources/Materials/M Conifer Bark Array BODT.mat
  artifactKey: Guid(a7e78992c7c5347a29bb4ad9b987be59) Importer(2089858483,0ecaa5967403d082aa24f35e1b516d23)
Start importing Assets/Conifers [BOTD]/Render Pipeline Support/Built-in RP/Sources/Materials/M Conifer Bark Array BODT.mat using Guid(a7e78992c7c5347a29bb4ad9b987be59) Importer(2089858483,0ecaa5967403d082aa24f35e1b516d23) Generated GUIDs only implemented for interfaces!
 -> (artifact id: 'a34f92c829b3259b2ad6e64d9b12fed3') in 0.921930 seconds 
========================================================================
Received Import Request.
  Time since last request: 0.000092 seconds.
  path: Assets/Conifers [BOTD]/Shared Sources/Textures/Billboards/Billboard Bare/Conifer Bare [Albedo].png
  artifactKey: Guid(812b636c9bcef4b8aa194e3f6c9128e0) Importer(2089858483,0ecaa5967403d082aa24f35e1b516d23)
Start importing Assets/Conifers [BOTD]/Shared Sources/Textures/Billboards/Billboard Bare/Conifer Bare [Albedo].png using Guid(812b636c9bcef4b8aa194e3f6c9128e0) Importer(2089858483,0ecaa5967403d082aa24f35e1b516d23) Generated GUIDs only implemented for interfaces!
 -> (artifact id: 'abc8b1bbade35ad5da8519b872478bc8') in 0.063355 seconds 
========================================================================
Received Import Request.
  Time since last request: 0.000051 seconds.
  path: Assets/Art/Textures/Ground (Diffuse).jpg
  artifactKey: Guid(ede10bf9b0079ae48bb0ec52d3ed70a4) Importer(2089858483,0ecaa5967403d082aa24f35e1b516d23)
Start importing Assets/Art/Textures/Ground (Diffuse).jpg using Guid(ede10bf9b0079ae48bb0ec52d3ed70a4) Importer(2089858483,0ecaa5967403d082aa24f35e1b516d23) Generated GUIDs only implemented for interfaces!
 -> (artifact id: 'cf8a4c6bfb4447fbffc36dad8b5fe00b') in 0.052388 seconds 
========================================================================
Received Import Request.
  Time since last request: 0.000053 seconds.
  path: Assets/CampFire/Materials/CartoonWood.mat
  artifactKey: Guid(4b5876bd4cc962a4a954279e911e2d70) Importer(2089858483,0ecaa5967403d082aa24f35e1b516d23)
Start importing Assets/CampFire/Materials/CartoonWood.mat using Guid(4b5876bd4cc962a4a954279e911e2d70) Importer(2089858483,0ecaa5967403d082aa24f35e1b516d23) Generated GUIDs only implemented for interfaces!
 -> (artifact id: '5dde0ac3e0c21c2df0baaf3216b08a73') in 0.028617 seconds 
========================================================================
Received Import Request.
  Time since last request: 0.000059 seconds.
  path: Assets/Conifers [BOTD]/Shared Sources/Meshes/SM Conifer Small LOD0.asset
  artifactKey: Guid(aaf76b55071db41b0bde5e2ebb830601) Importer(2089858483,0ecaa5967403d082aa24f35e1b516d23)
Start importing Assets/Conifers [BOTD]/Shared Sources/Meshes/SM Conifer Small LOD0.asset using Guid(aaf76b55071db41b0bde5e2ebb830601) Importer(2089858483,0ecaa5967403d082aa24f35e1b516d23) Generated GUIDs only implemented for interfaces!
 -> (artifact id: 'a97aa62f9b0b6ffbcf7c418266e892dd') in 0.025073 seconds 
========================================================================
Received Import Request.
  Time since last request: 0.000084 seconds.
  path: Assets/Conifers [BOTD]/Render Pipeline Support/Built-in RP/Prefabs/PF Conifer Medium BOTD.prefab
  artifactKey: Guid(abdd95d0229d64588b03d2806d9cc19a) Importer(2089858483,0ecaa5967403d082aa24f35e1b516d23)
Start importing Assets/Conifers [BOTD]/Render Pipeline Support/Built-in RP/Prefabs/PF Conifer Medium BOTD.prefab using Guid(abdd95d0229d64588b03d2806d9cc19a) Importer(2089858483,0ecaa5967403d082aa24f35e1b516d23) Generated GUIDs only implemented for interfaces!
 -> (artifact id: 'f1b40158b29ee4e369f217bff4cbf9c8') in 0.063803 seconds 
========================================================================
Received Import Request.
  Time since last request: 0.000166 seconds.
  path: Assets/Lantern/Art/Textures/CarvedLampPost [Normal].png
  artifactKey: Guid(182d8cf2696018f438b0324013039ba4) Importer(2089858483,0ecaa5967403d082aa24f35e1b516d23)
Start importing Assets/Lantern/Art/Textures/CarvedLampPost [Normal].png using Guid(182d8cf2696018f438b0324013039ba4) Importer(2089858483,0ecaa5967403d082aa24f35e1b516d23) Generated GUIDs only implemented for interfaces!
 -> (artifact id: '51b0f08ea3cb8cf6e1d2941491bc352b') in 0.050863 seconds 
========================================================================
Received Import Request.
  Time since last request: 0.000059 seconds.
  path: Assets/Mini First Person Controller/Audio/Jump/Jump 3.wav
  artifactKey: Guid(b16dc74b7376aca46bd0c6be96c940fa) Importer(2089858483,0ecaa5967403d082aa24f35e1b516d23)
Start importing Assets/Mini First Person Controller/Audio/Jump/Jump 3.wav using Guid(b16dc74b7376aca46bd0c6be96c940fa) Importer(2089858483,0ecaa5967403d082aa24f35e1b516d23) Generated GUIDs only implemented for interfaces!
 -> (artifact id: '4a398de94f7a6d61e2be879c96e15c2a') in 0.153515 seconds 
========================================================================
Received Import Request.
  Time since last request: 0.000064 seconds.
  path: Assets/Conifers [BOTD]/Shared Sources/Textures/Billboards/Billboard Tall/Conifer Tall [Albedo].png
  artifactKey: Guid(d7ffe1fa944f34298b984303aca8ae36) Importer(2089858483,0ecaa5967403d082aa24f35e1b516d23)
Start importing Assets/Conifers [BOTD]/Shared Sources/Textures/Billboards/Billboard Tall/Conifer Tall [Albedo].png using Guid(d7ffe1fa944f34298b984303aca8ae36) Importer(2089858483,0ecaa5967403d082aa24f35e1b516d23) Generated GUIDs only implemented for interfaces!
 -> (artifact id: '523cb7ce5e9ea02165bb2e013d749f90') in 0.046134 seconds 
========================================================================
Received Import Request.
  Time since last request: 0.000087 seconds.
  path: Assets/Conifers [BOTD]/Shared Sources/Textures/Billboards/Billboard Medium/Conifer Medium [Normal] [Trans] [Smoothness].png
  artifactKey: Guid(a04078cc622984be682e2d4cfe2a4626) Importer(2089858483,0ecaa5967403d082aa24f35e1b516d23)
Start importing Assets/Conifers [BOTD]/Shared Sources/Textures/Billboards/Billboard Medium/Conifer Medium [Normal] [Trans] [Smoothness].png using Guid(a04078cc622984be682e2d4cfe2a4626) Importer(2089858483,0ecaa5967403d082aa24f35e1b516d23) Generated GUIDs only implemented for interfaces!
 -> (artifact id: '3e5fce9889f83ae5ce4e75ae66d03daf') in 0.062039 seconds 
========================================================================
Received Import Request.
  Time since last request: 0.000100 seconds.
  path: Assets/Conifers [BOTD]/Shared Sources/Textures/Billboards/Billboard Tall/Conifer Tall  [Normal] [Trans] [Smoothness].png
  artifactKey: Guid(8563448672a814173927f49bd00c2988) Importer(2089858483,0ecaa5967403d082aa24f35e1b516d23)
Start importing Assets/Conifers [BOTD]/Shared Sources/Textures/Billboards/Billboard Tall/Conifer Tall  [Normal] [Trans] [Smoothness].png using Guid(8563448672a814173927f49bd00c2988) Importer(2089858483,0ecaa5967403d082aa24f35e1b516d23) Generated GUIDs only implemented for interfaces!
 -> (artifact id: 'f4413d68a0d9a992db5c8a43f925f777') in 0.057221 seconds 
========================================================================
Received Import Request.
  Time since last request: 0.000070 seconds.
  path: Assets/GrassFlowers/Textures/GrassFlowers/grassFlower09.tga
  artifactKey: Guid(d238efbd27bc5ae4ead9839995f74830) Importer(2089858483,0ecaa5967403d082aa24f35e1b516d23)
Start importing Assets/GrassFlowers/Textures/GrassFlowers/grassFlower09.tga using Guid(d238efbd27bc5ae4ead9839995f74830) Importer(2089858483,0ecaa5967403d082aa24f35e1b516d23) Generated GUIDs only implemented for interfaces!
 -> (artifact id: 'cec0cbfbbeebf7ceeb9e131e59482789') in 0.064191 seconds 
========================================================================
Received Import Request.
  Time since last request: 0.000075 seconds.
  path: Assets/Mini First Person Controller/First Person Controller Minimal.prefab
  artifactKey: Guid(f2e0b7ae4dae8cf44955bccd3512b213) Importer(2089858483,0ecaa5967403d082aa24f35e1b516d23)
Start importing Assets/Mini First Person Controller/First Person Controller Minimal.prefab using Guid(f2e0b7ae4dae8cf44955bccd3512b213) Importer(2089858483,0ecaa5967403d082aa24f35e1b516d23) Generated GUIDs only implemented for interfaces!
 -> (artifact id: 'bbdbf8c8645c9f4232c5b2bf787b5c2f') in 0.036088 seconds 
========================================================================
Received Import Request.
  Time since last request: 0.000083 seconds.
  path: Assets/CampFire/Materials/CartoonCoal.mat
  artifactKey: Guid(1bdddf5550d44d941a0d4b7bc0acff95) Importer(2089858483,0ecaa5967403d082aa24f35e1b516d23)
Start importing Assets/CampFire/Materials/CartoonCoal.mat using Guid(1bdddf5550d44d941a0d4b7bc0acff95) Importer(2089858483,0ecaa5967403d082aa24f35e1b516d23) Generated GUIDs only implemented for interfaces!
 -> (artifact id: '04d747e56d24a5cecc601887174287fd') in 0.019546 seconds 
========================================================================
Received Import Request.
  Time since last request: 0.000083 seconds.
  path: Assets/Conifers [BOTD]/Render Pipeline Support/Built-in RP/CTI Runtime Components/Default Components/Resources/CTI_default_billboard_material.mat
  artifactKey: Guid(6da1894adda584f759ccf5e4d9ada5bf) Importer(2089858483,0ecaa5967403d082aa24f35e1b516d23)
Start importing Assets/Conifers [BOTD]/Render Pipeline Support/Built-in RP/CTI Runtime Components/Default Components/Resources/CTI_default_billboard_material.mat using Guid(6da1894adda584f759ccf5e4d9ada5bf) Importer(2089858483,0ecaa5967403d082aa24f35e1b516d23) Generated GUIDs only implemented for interfaces!
 -> (artifact id: '027daffa61b53251e1026cffe96f1ac7') in 0.017997 seconds 
========================================================================
Received Import Request.
  Time since last request: 0.000051 seconds.
  path: Assets/AQUAS-Lite/Textures/Waves_HiRes.png
  artifactKey: Guid(0d05b23ea2d999b47825c6c522e25adc) Importer(2089858483,0ecaa5967403d082aa24f35e1b516d23)
Start importing Assets/AQUAS-Lite/Textures/Waves_HiRes.png using Guid(0d05b23ea2d999b47825c6c522e25adc) Importer(2089858483,0ecaa5967403d082aa24f35e1b516d23) Generated GUIDs only implemented for interfaces!
 -> (artifact id: 'd8dafcf9c0e7f8f86ac1c87d7bb902b9') in 0.128403 seconds 
========================================================================
Received Import Request.
  Time since last request: 0.000071 seconds.
  path: Assets/Lantern/Art/Textures/CarvedLampPost2 [Normal].png
  artifactKey: Guid(db32dc5877f14134fbe0a6fb5d233db9) Importer(2089858483,0ecaa5967403d082aa24f35e1b516d23)
Start importing Assets/Lantern/Art/Textures/CarvedLampPost2 [Normal].png using Guid(db32dc5877f14134fbe0a6fb5d233db9) Importer(2089858483,0ecaa5967403d082aa24f35e1b516d23) Generated GUIDs only implemented for interfaces!
 -> (artifact id: '7f5c5d45815814771134b8f5b5985dd9') in 0.074801 seconds 
========================================================================
Received Import Request.
  Time since last request: 0.000087 seconds.
  path: Assets/Mini First Person Controller/Audio/Landing/Landing 1.wav
  artifactKey: Guid(9fcb6dc763cd0354da305b5de2091287) Importer(2089858483,0ecaa5967403d082aa24f35e1b516d23)
Start importing Assets/Mini First Person Controller/Audio/Landing/Landing 1.wav using Guid(9fcb6dc763cd0354da305b5de2091287) Importer(2089858483,0ecaa5967403d082aa24f35e1b516d23) Generated GUIDs only implemented for interfaces!
 -> (artifact id: 'e2fff5bee97cb0676086f2929edcbf03') in 0.149546 seconds 
========================================================================
Received Import Request.
  Time since last request: 0.000773 seconds.
  path: Assets/Conifers [BOTD]/Render Pipeline Support/Built-in RP/CTI Runtime Components/Resources/CTI_Camera-DepthNormalTexture_301.shader
  artifactKey: Guid(f1f73434226324b14a7261c1175d543f) Importer(2089858483,0ecaa5967403d082aa24f35e1b516d23)
Start importing Assets/Conifers [BOTD]/Render Pipeline Support/Built-in RP/CTI Runtime Components/Resources/CTI_Camera-DepthNormalTexture_301.shader using Guid(f1f73434226324b14a7261c1175d543f) Importer(2089858483,0ecaa5967403d082aa24f35e1b516d23) Generated GUIDs only implemented for interfaces!
 -> (artifact id: '1214cb7cd2772f24100634478cb9623f') in 0.071354 seconds 
========================================================================
Received Import Request.
  Time since last request: 0.000066 seconds.
  path: Assets/Conifers [BOTD]/Render Pipeline Support/Built-in RP/CTI Runtime Components/Scripts/Editor/CTI_ShaderGUI.cs
  artifactKey: Guid(71369e1df01d140e5888122d9de3bd6c) Importer(2089858483,0ecaa5967403d082aa24f35e1b516d23)
Start importing Assets/Conifers [BOTD]/Render Pipeline Support/Built-in RP/CTI Runtime Components/Scripts/Editor/CTI_ShaderGUI.cs using Guid(71369e1df01d140e5888122d9de3bd6c) Importer(2089858483,0ecaa5967403d082aa24f35e1b516d23) Generated GUIDs only implemented for interfaces!
 -> (artifact id: '78cb6530bd11e66f587c714e74674b2c') in 0.015556 seconds 
========================================================================
Received Import Request.
  Time since last request: 0.000114 seconds.
  path: Assets/Conifers [BOTD]/Render Pipeline Support/Built-in RP/CTI Runtime Components/Default Components/Resources/CTI_default_normal_spec_ao_Texture2DArray.asset
  artifactKey: Guid(7fd5245b1b9714fa2acf58c5bfd24030) Importer(2089858483,0ecaa5967403d082aa24f35e1b516d23)
Start importing Assets/Conifers [BOTD]/Render Pipeline Support/Built-in RP/CTI Runtime Components/Default Components/Resources/CTI_default_normal_spec_ao_Texture2DArray.asset using Guid(7fd5245b1b9714fa2acf58c5bfd24030) Importer(2089858483,0ecaa5967403d082aa24f35e1b516d23) Generated GUIDs only implemented for interfaces!
 -> (artifact id: '0b9e5dd421d05e45924b9d41a7ee58d9') in 0.046578 seconds 
========================================================================
Received Import Request.
  Time since last request: 0.000060 seconds.
  path: Assets/Conifers [BOTD]/Render Pipeline Support/Built-in RP/CTI Runtime Components/Shaders/Includes/CTI_BillboardVertex_301.cginc
  artifactKey: Guid(47ef44b89c45d4f8292817305544b265) Importer(2089858483,0ecaa5967403d082aa24f35e1b516d23)
Start importing Assets/Conifers [BOTD]/Render Pipeline Support/Built-in RP/CTI Runtime Components/Shaders/Includes/CTI_BillboardVertex_301.cginc using Guid(47ef44b89c45d4f8292817305544b265) Importer(2089858483,0ecaa5967403d082aa24f35e1b516d23) Generated GUIDs only implemented for interfaces!
 -> (artifact id: 'a76d78c8a0bf0fb6b2839a610df1b546') in 0.020740 seconds 
========================================================================
Received Import Request.
  Time since last request: 0.000064 seconds.
  path: Assets/Conifers [BOTD]/Render Pipeline Support/Built-in RP/CTI Runtime Components/Scripts/CTI_Utils.cs
  artifactKey: Guid(a6013210bd40b4cde9944fed4d9f8082) Importer(2089858483,0ecaa5967403d082aa24f35e1b516d23)
Start importing Assets/Conifers [BOTD]/Render Pipeline Support/Built-in RP/CTI Runtime Components/Scripts/CTI_Utils.cs using Guid(a6013210bd40b4cde9944fed4d9f8082) Importer(2089858483,0ecaa5967403d082aa24f35e1b516d23) Generated GUIDs only implemented for interfaces!
 -> (artifact id: 'a55faf4af85046583a8aab32df2e6c7f') in 0.015819 seconds 
========================================================================
Received Import Request.
  Time since last request: 0.000077 seconds.
  path: Assets/Conifers [BOTD]/Shared Sources/Textures/Billboards/Billboard Small/Conifer Small [Normal] [Trans] [Smoothness].png
  artifactKey: Guid(6774adab402874d14b5f931ea7cc3386) Importer(2089858483,0ecaa5967403d082aa24f35e1b516d23)
Start importing Assets/Conifers [BOTD]/Shared Sources/Textures/Billboards/Billboard Small/Conifer Small [Normal] [Trans] [Smoothness].png using Guid(6774adab402874d14b5f931ea7cc3386) Importer(2089858483,0ecaa5967403d082aa24f35e1b516d23) Generated GUIDs only implemented for interfaces!
 -> (artifact id: '0e5d9bddbc2e39cf6a45a4b177c03401') in 0.068104 seconds 
========================================================================
Received Import Request.
  Time since last request: 0.000087 seconds.
  path: Assets/Conifers [BOTD]/Render Pipeline Support/Built-in RP/CTI Runtime Components/Scripts/Editor/CTI_AdvancedEdgeFluttering.cs
  artifactKey: Guid(3bd7ba1dccff84229b37ae2455db67a1) Importer(2089858483,0ecaa5967403d082aa24f35e1b516d23)
Start importing Assets/Conifers [BOTD]/Render Pipeline Support/Built-in RP/CTI Runtime Components/Scripts/Editor/CTI_AdvancedEdgeFluttering.cs using Guid(3bd7ba1dccff84229b37ae2455db67a1) Importer(2089858483,0ecaa5967403d082aa24f35e1b516d23) Generated GUIDs only implemented for interfaces!
 -> (artifact id: '235da465543f7696c73998d81de5ab2c') in 0.016270 seconds 
========================================================================
Received Import Request.
  Time since last request: 0.000102 seconds.
  path: Assets/Conifers [BOTD]/Shared Sources/Textures/BODT Conifer Bark Array [Albedo] [Smoothness].asset
  artifactKey: Guid(41ebf0d05b0ec4283bcbbbc656c82aec) Importer(2089858483,0ecaa5967403d082aa24f35e1b516d23)
Start importing Assets/Conifers [BOTD]/Shared Sources/Textures/BODT Conifer Bark Array [Albedo] [Smoothness].asset using Guid(41ebf0d05b0ec4283bcbbbc656c82aec) Importer(2089858483,0ecaa5967403d082aa24f35e1b516d23) Generated GUIDs only implemented for interfaces!
 -> (artifact id: '8276b89fcbb4bc23edb0639f926627f1') in 0.140043 seconds 
========================================================================
Received Import Request.
  Time since last request: 0.000058 seconds.
  path: Assets/Conifers [BOTD]/Render Pipeline Support/Built-in RP/CTI Runtime Components/Shaders/Includes/CTI_TranslucentLighting_301.cginc
  artifactKey: Guid(0960135195a204bf7bb5aaad6fd78e87) Importer(2089858483,0ecaa5967403d082aa24f35e1b516d23)
Start importing Assets/Conifers [BOTD]/Render Pipeline Support/Built-in RP/CTI Runtime Components/Shaders/Includes/CTI_TranslucentLighting_301.cginc using Guid(0960135195a204bf7bb5aaad6fd78e87) Importer(2089858483,0ecaa5967403d082aa24f35e1b516d23) Generated GUIDs only implemented for interfaces!
 -> (artifact id: 'b4a5aaa03ecf0ff36b1f261466354a06') in 0.016463 seconds 
========================================================================
Received Import Request.
  Time since last request: 0.000056 seconds.
  path: Assets/Conifers [BOTD]/Render Pipeline Support/Built-in RP/CTI Runtime Components/Shaders/CTI_LOD_Bark_301.shader
  artifactKey: Guid(6934a0dff195b47e5913f17edb3770ec) Importer(2089858483,0ecaa5967403d082aa24f35e1b516d23)
Start importing Assets/Conifers [BOTD]/Render Pipeline Support/Built-in RP/CTI Runtime Components/Shaders/CTI_LOD_Bark_301.shader using Guid(6934a0dff195b47e5913f17edb3770ec) Importer(2089858483,0ecaa5967403d082aa24f35e1b516d23) Generated GUIDs only implemented for interfaces!
 -> (artifact id: '6495f40f8b3624d7ab9631c9dd1ad8cf') in 0.074008 seconds 
========================================================================
Received Import Request.
  Time since last request: 0.000071 seconds.
  path: Assets/New Terrain.asset
  artifactKey: Guid(513e39f59b83b594b9caf3dc623d3211) Importer(2089858483,0ecaa5967403d082aa24f35e1b516d23)
Start importing Assets/New Terrain.asset using Guid(513e39f59b83b594b9caf3dc623d3211) Importer(2089858483,0ecaa5967403d082aa24f35e1b516d23) Generated GUIDs only implemented for interfaces!
 -> (artifact id: '043aa7cec4782b31a07e7aab24ea6e8c') in 0.075416 seconds 
========================================================================
Received Import Request.
  Time since last request: 0.000074 seconds.
  path: Assets/Conifers [BOTD]/Conifers [BOTD] Documentation.pdf
  artifactKey: Guid(138cb1ff7940ca849804bf5d0cae4779) Importer(2089858483,0ecaa5967403d082aa24f35e1b516d23)
Start importing Assets/Conifers [BOTD]/Conifers [BOTD] Documentation.pdf using Guid(138cb1ff7940ca849804bf5d0cae4779) Importer(2089858483,0ecaa5967403d082aa24f35e1b516d23) Generated GUIDs only implemented for interfaces!
 -> (artifact id: 'f467ae8d6f16b42285e1afc8fd4fa969') in 0.012860 seconds 
========================================================================
Received Import Request.
  Time since last request: 0.000050 seconds.
  path: Assets/GrassFlowers/Textures/GrassFlowers/grassFlower03.tga
  artifactKey: Guid(c6bde8cacfa93444fa98152cb9e36815) Importer(2089858483,0ecaa5967403d082aa24f35e1b516d23)
Start importing Assets/GrassFlowers/Textures/GrassFlowers/grassFlower03.tga using Guid(c6bde8cacfa93444fa98152cb9e36815) Importer(2089858483,0ecaa5967403d082aa24f35e1b516d23) Generated GUIDs only implemented for interfaces!
 -> (artifact id: '42de721916208cf48db72217becb5f2a') in 0.066389 seconds 
========================================================================
Received Import Request.
  Time since last request: 0.000082 seconds.
  path: Assets/AQUAS-Lite/Textures/Waves_LoRes.png
  artifactKey: Guid(ef5d03cb57f820145b89db1123c104c6) Importer(2089858483,0ecaa5967403d082aa24f35e1b516d23)
Start importing Assets/AQUAS-Lite/Textures/Waves_LoRes.png using Guid(ef5d03cb57f820145b89db1123c104c6) Importer(2089858483,0ecaa5967403d082aa24f35e1b516d23) Generated GUIDs only implemented for interfaces!
 -> (artifact id: '81e23611caa13f48effe4f89bdf4d548') in 0.060082 seconds 
========================================================================
Received Import Request.
  Time since last request: 0.000056 seconds.
  path: Assets/Conifers [BOTD]/Shared Sources/Meshes/SM Conifer Bare LOD1.asset
  artifactKey: Guid(c6029981137bd4653b2149d26518cf28) Importer(2089858483,0ecaa5967403d082aa24f35e1b516d23)
Start importing Assets/Conifers [BOTD]/Shared Sources/Meshes/SM Conifer Bare LOD1.asset using Guid(c6029981137bd4653b2149d26518cf28) Importer(2089858483,0ecaa5967403d082aa24f35e1b516d23) Generated GUIDs only implemented for interfaces!
 -> (artifact id: '9be770e8b53988015697780ceb3d03a7') in 0.037287 seconds 
========================================================================
Received Import Request.
  Time since last request: 0.000063 seconds.
  path: Assets/Lantern/Art/Textures/CarvedLampPost [Specular].tif
  artifactKey: Guid(93997d9efb46915458ae8da4dd7c9e8d) Importer(2089858483,0ecaa5967403d082aa24f35e1b516d23)
Start importing Assets/Lantern/Art/Textures/CarvedLampPost [Specular].tif using Guid(93997d9efb46915458ae8da4dd7c9e8d) Importer(2089858483,0ecaa5967403d082aa24f35e1b516d23) Generated GUIDs only implemented for interfaces!
 -> (artifact id: 'ca80e30102636d02a0e74fc721fbf493') in 0.049239 seconds 
========================================================================
Received Import Request.
  Time since last request: 0.000080 seconds.
  path: Assets/Conifers [BOTD]/Render Pipeline Support/Built-in RP/Prefabs/PF Conifer Bare BOTD.prefab
  artifactKey: Guid(539fa9bc6500e44708e0f7b2c78cbefe) Importer(2089858483,0ecaa5967403d082aa24f35e1b516d23)
Start importing Assets/Conifers [BOTD]/Render Pipeline Support/Built-in RP/Prefabs/PF Conifer Bare BOTD.prefab using Guid(539fa9bc6500e44708e0f7b2c78cbefe) Importer(2089858483,0ecaa5967403d082aa24f35e1b516d23) Generated GUIDs only implemented for interfaces!
 -> (artifact id: '57de08441d70ac1a3918b924b7fe5759') in 0.067518 seconds 
========================================================================
Received Import Request.
  Time since last request: 0.000049 seconds.
  path: Assets/Mini First Person Controller/Scripts/Components/Jump.cs
  artifactKey: Guid(8f977f53412d81140ab13b3fca57cca2) Importer(2089858483,0ecaa5967403d082aa24f35e1b516d23)
Start importing Assets/Mini First Person Controller/Scripts/Components/Jump.cs using Guid(8f977f53412d81140ab13b3fca57cca2) Importer(2089858483,0ecaa5967403d082aa24f35e1b516d23) Generated GUIDs only implemented for interfaces!
 -> (artifact id: '1ed9711312b020759c7c222f97d22d37') in 0.015546 seconds 
========================================================================
Received Import Request.
  Time since last request: 0.000054 seconds.
  path: Assets/Conifers [BOTD]/Render Pipeline Support/Built-in RP/CTI Runtime Components/Shaders/CTI_LOD_Billboard_301.shader
  artifactKey: Guid(f08c3c20fcac1433a9a930a6a399d5ac) Importer(2089858483,0ecaa5967403d082aa24f35e1b516d23)
Start importing Assets/Conifers [BOTD]/Render Pipeline Support/Built-in RP/CTI Runtime Components/Shaders/CTI_LOD_Billboard_301.shader using Guid(f08c3c20fcac1433a9a930a6a399d5ac) Importer(2089858483,0ecaa5967403d082aa24f35e1b516d23) Generated GUIDs only implemented for interfaces!
 -> (artifact id: 'bdd56bdf801995ed318059ab401baa42') in 0.042169 seconds 
========================================================================
Received Import Request.
  Time since last request: 0.000069 seconds.
  path: Assets/Conifers [BOTD]/Render Pipeline Support/Built-in RP/Sources/Materials/M Conifer Bark Simple BODT.mat
  artifactKey: Guid(fcbc9e998124d414da7cb0d951f649a3) Importer(2089858483,0ecaa5967403d082aa24f35e1b516d23)
Start importing Assets/Conifers [BOTD]/Render Pipeline Support/Built-in RP/Sources/Materials/M Conifer Bark Simple BODT.mat using Guid(fcbc9e998124d414da7cb0d951f649a3) Importer(2089858483,0ecaa5967403d082aa24f35e1b516d23) Generated GUIDs only implemented for interfaces!
 -> (artifact id: '0d38b94f4c8a64f1c4f1b5c1dc14c26c') in 0.061242 seconds 
========================================================================
Received Import Request.
  Time since last request: 0.000076 seconds.
  path: Assets/Art/Textures/Ground.terrainlayer
  artifactKey: Guid(3f1485f960bec39449cb63b85a5a3142) Importer(2089858483,0ecaa5967403d082aa24f35e1b516d23)
Start importing Assets/Art/Textures/Ground.terrainlayer using Guid(3f1485f960bec39449cb63b85a5a3142) Importer(2089858483,0ecaa5967403d082aa24f35e1b516d23) Generated GUIDs only implemented for interfaces!
 -> (artifact id: '17120a8877e8c1b6cde2b50ef7710b35') in 0.035721 seconds 
========================================================================
Received Import Request.
  Time since last request: 0.000504 seconds.
  path: Assets/Conifers [BOTD]/Render Pipeline Support/Built-in RP/CTI Runtime Components/Default Components/Resources/CTI_default_billboard.asset
  artifactKey: Guid(9bd3442d5fe9f4e20b6cac0b0e31b793) Importer(2089858483,0ecaa5967403d082aa24f35e1b516d23)
Start importing Assets/Conifers [BOTD]/Render Pipeline Support/Built-in RP/CTI Runtime Components/Default Components/Resources/CTI_default_billboard.asset using Guid(9bd3442d5fe9f4e20b6cac0b0e31b793) Importer(2089858483,0ecaa5967403d082aa24f35e1b516d23) Generated GUIDs only implemented for interfaces!
 -> (artifact id: 'b304f33afd38af5cda9d7364ff186f36') in 0.028416 seconds 
========================================================================
Received Import Request.
  Time since last request: 0.000061 seconds.
  path: Assets/AQUAS-Lite/Scripts/AQUAS_Lite_Reflection.cs
  artifactKey: Guid(0294cf6ab82668142b65a8af47752f8c) Importer(2089858483,0ecaa5967403d082aa24f35e1b516d23)
Start importing Assets/AQUAS-Lite/Scripts/AQUAS_Lite_Reflection.cs using Guid(0294cf6ab82668142b65a8af47752f8c) Importer(2089858483,0ecaa5967403d082aa24f35e1b516d23) Generated GUIDs only implemented for interfaces!
 -> (artifact id: '06484d8da0edf9b3a39ce417b7c5adf4') in 0.020048 seconds 
========================================================================
Received Import Request.
  Time since last request: 0.000053 seconds.
  path: Assets/Art/Textures/Path.terrainlayer
  artifactKey: Guid(b041122dbd7d6234d866eb8ad1fdebfb) Importer(2089858483,0ecaa5967403d082aa24f35e1b516d23)
Start importing Assets/Art/Textures/Path.terrainlayer using Guid(b041122dbd7d6234d866eb8ad1fdebfb) Importer(2089858483,0ecaa5967403d082aa24f35e1b516d23) Generated GUIDs only implemented for interfaces!
 -> (artifact id: '57e825969501115207481469553f6704') in 0.019200 seconds 
========================================================================
Received Import Request.
  Time since last request: 0.000055 seconds.
  path: Assets/AQUAS-Lite/Models/Materials/WaterSimpleDaylight.mat
  artifactKey: Guid(cb6f3344386d8b44ea69a4d8c453389b) Importer(2089858483,0ecaa5967403d082aa24f35e1b516d23)
Start importing Assets/AQUAS-Lite/Models/Materials/WaterSimpleDaylight.mat using Guid(cb6f3344386d8b44ea69a4d8c453389b) Importer(2089858483,0ecaa5967403d082aa24f35e1b516d23) Generated GUIDs only implemented for interfaces!
 -> (artifact id: 'afa8d277c9fbe0b0cf147f7d9275b694') in 0.017887 seconds 
========================================================================
Received Import Request.
  Time since last request: 0.000125 seconds.
  path: Assets/Lantern/Art/Textures/Latern2 [Specular].tif
  artifactKey: Guid(4af55a2e9db758341b9990acd5cb7a27) Importer(2089858483,0ecaa5967403d082aa24f35e1b516d23)
Start importing Assets/Lantern/Art/Textures/Latern2 [Specular].tif using Guid(4af55a2e9db758341b9990acd5cb7a27) Importer(2089858483,0ecaa5967403d082aa24f35e1b516d23) Generated GUIDs only implemented for interfaces!
 -> (artifact id: '07bb237eb0ae3ae2474f32f1429f02f5') in 0.054793 seconds 
========================================================================
Received Import Request.
  Time since last request: 0.000062 seconds.
  path: Assets/Conifers [BOTD]/Shared Sources/Textures/BODT Conifer Trunk [Albedo] [Smoothness].tif
  artifactKey: Guid(802f5539a44734bfcacbe5243d44edf1) Importer(2089858483,0ecaa5967403d082aa24f35e1b516d23)
Start importing Assets/Conifers [BOTD]/Shared Sources/Textures/BODT Conifer Trunk [Albedo] [Smoothness].tif using Guid(802f5539a44734bfcacbe5243d44edf1) Importer(2089858483,0ecaa5967403d082aa24f35e1b516d23) Generated GUIDs only implemented for interfaces!
 -> (artifact id: '26aa22a597d78b7d630ae15534963861') in 0.054923 seconds 
========================================================================
Received Import Request.
  Time since last request: 0.000092 seconds.
  path: Assets/Conifers [BOTD]/Render Pipeline Support/Built-in RP/CTI Runtime Components/Default Components/Resources/CTI_default_ao_trans_smoothness.psd
  artifactKey: Guid(46de76019358942b7b0dd6b41a2ae40a) Importer(2089858483,0ecaa5967403d082aa24f35e1b516d23)
Start importing Assets/Conifers [BOTD]/Render Pipeline Support/Built-in RP/CTI Runtime Components/Default Components/Resources/CTI_default_ao_trans_smoothness.psd using Guid(46de76019358942b7b0dd6b41a2ae40a) Importer(2089858483,0ecaa5967403d082aa24f35e1b516d23) Generated GUIDs only implemented for interfaces!
 -> (artifact id: '5b2c6f3fadb5a27cbd20af1511e95767') in 0.052937 seconds 
========================================================================
Received Import Request.
  Time since last request: 0.000046 seconds.
  path: Assets/GrassFlowers/Textures/GrassFlowers/grassFlower06.tga
  artifactKey: Guid(b3d0250e4b7a1ac4abe98a38d34d2048) Importer(2089858483,0ecaa5967403d082aa24f35e1b516d23)
Start importing Assets/GrassFlowers/Textures/GrassFlowers/grassFlower06.tga using Guid(b3d0250e4b7a1ac4abe98a38d34d2048) Importer(2089858483,0ecaa5967403d082aa24f35e1b516d23) Generated GUIDs only implemented for interfaces!
 -> (artifact id: 'c654447017ea98bfa0e39b69fe86d01d') in 0.054508 seconds 
========================================================================
Received Import Request.
  Time since last request: 0.000056 seconds.
  path: Assets/AQUAS-Lite/Shaders/AQUAS-Lite_Frontface.shader
  artifactKey: Guid(d54a881b830cae544a72985daaece999) Importer(2089858483,0ecaa5967403d082aa24f35e1b516d23)
Start importing Assets/AQUAS-Lite/Shaders/AQUAS-Lite_Frontface.shader using Guid(d54a881b830cae544a72985daaece999) Importer(2089858483,0ecaa5967403d082aa24f35e1b516d23) Generated GUIDs only implemented for interfaces!
 -> (artifact id: '309b83795ba0f121b285b8b31cde09c4') in 0.042686 seconds 
========================================================================
Received Import Request.
  Time since last request: 0.000059 seconds.
  path: Assets/Conifers [BOTD]/Shared Sources/Textures/BODT Conifer Branches_Normal combined.tif
  artifactKey: Guid(d7dcdeeae2a5d4c6f8e5328e09728b47) Importer(2089858483,0ecaa5967403d082aa24f35e1b516d23)
Start importing Assets/Conifers [BOTD]/Shared Sources/Textures/BODT Conifer Branches_Normal combined.tif using Guid(d7dcdeeae2a5d4c6f8e5328e09728b47) Importer(2089858483,0ecaa5967403d082aa24f35e1b516d23) Generated GUIDs only implemented for interfaces!
 -> (artifact id: 'fa5625a3f38e9424864903a4bc7961db') in 0.051033 seconds 
========================================================================
Received Import Request.
  Time since last request: 0.000054 seconds.
  path: Assets/Lantern/Prefabs/CarvedPost2.prefab
  artifactKey: Guid(94f10da449387134eb5a2276906ccdfd) Importer(2089858483,0ecaa5967403d082aa24f35e1b516d23)
Start importing Assets/Lantern/Prefabs/CarvedPost2.prefab using Guid(94f10da449387134eb5a2276906ccdfd) Importer(2089858483,0ecaa5967403d082aa24f35e1b516d23) Generated GUIDs only implemented for interfaces!
 -> (artifact id: '4c27cc2a14e5ac2aada9a0933205e0a7') in 0.038210 seconds 
========================================================================
Received Import Request.
  Time since last request: 0.000073 seconds.
  path: Assets/Lantern/Art/Textures/Latern2 [Albedo].png
  artifactKey: Guid(81d417afa0a09af4eb65f1415a4547b6) Importer(2089858483,0ecaa5967403d082aa24f35e1b516d23)
Start importing Assets/Lantern/Art/Textures/Latern2 [Albedo].png using Guid(81d417afa0a09af4eb65f1415a4547b6) Importer(2089858483,0ecaa5967403d082aa24f35e1b516d23) Generated GUIDs only implemented for interfaces!
 -> (artifact id: 'b49b6c397e8f37f10095fe9f33232146') in 0.059682 seconds 
========================================================================
Received Import Request.
  Time since last request: 0.000049 seconds.
  path: Assets/Conifers [BOTD]/Render Pipeline Support/Built-in RP/Sources/Materials/M Conifer Leaves BODT.mat
  artifactKey: Guid(086b89f98297d43a4ae1f80ebc88e938) Importer(2089858483,0ecaa5967403d082aa24f35e1b516d23)
Start importing Assets/Conifers [BOTD]/Render Pipeline Support/Built-in RP/Sources/Materials/M Conifer Leaves BODT.mat using Guid(086b89f98297d43a4ae1f80ebc88e938) Importer(2089858483,0ecaa5967403d082aa24f35e1b516d23) Generated GUIDs only implemented for interfaces!
 -> (artifact id: '3cbae02567f8e618ecc724ce6427eac4') in 0.080958 seconds 
========================================================================
Received Import Request.
  Time since last request: 0.000059 seconds.
  path: Assets/Mini First Person Controller/Audio/Crouch/Crouch start 1.wav
  artifactKey: Guid(9b910aa79c186384cb17f28fad642b0a) Importer(2089858483,0ecaa5967403d082aa24f35e1b516d23)
Start importing Assets/Mini First Person Controller/Audio/Crouch/Crouch start 1.wav using Guid(9b910aa79c186384cb17f28fad642b0a) Importer(2089858483,0ecaa5967403d082aa24f35e1b516d23) Generated GUIDs only implemented for interfaces!
 -> (artifact id: 'd9e765d9816b8a21240bd89f1dfef249') in 0.111400 seconds 
========================================================================
Received Import Request.
  Time since last request: 0.000072 seconds.
  path: Assets/Lantern/Art/Models/Materials/Glass2.mat
  artifactKey: Guid(88a19bb01034d1d43af483d0d1f8f5f6) Importer(2089858483,0ecaa5967403d082aa24f35e1b516d23)
Start importing Assets/Lantern/Art/Models/Materials/Glass2.mat using Guid(88a19bb01034d1d43af483d0d1f8f5f6) Importer(2089858483,0ecaa5967403d082aa24f35e1b516d23) Generated GUIDs only implemented for interfaces!
 -> (artifact id: '6f23ee0a2fff7f6d2a20ba5a05def788') in 0.011830 seconds 
========================================================================
Received Import Request.
  Time since last request: 0.000077 seconds.
  path: Assets/AQUAS-Lite/Demo/ALiteDemoTerrain.asset
  artifactKey: Guid(9a203924af969ff4e9e93eb1129c14a9) Importer(2089858483,0ecaa5967403d082aa24f35e1b516d23)
Start importing Assets/AQUAS-Lite/Demo/ALiteDemoTerrain.asset using Guid(9a203924af969ff4e9e93eb1129c14a9) Importer(2089858483,0ecaa5967403d082aa24f35e1b516d23) 
=================================================================
	Native Crash Reporting
=================================================================
Got a UNKNOWN while executing native code. This usually indicates
a fatal error in the mono runtime or one of the native libraries 
used by your application.
=================================================================

=================================================================
	Managed Stacktrace:
=================================================================
	  at <unknown> <0xffffffff>
	  at UnityEditor.AssetDatabase:LoadMainAssetAtPath <0x00089>
	  at UnityEditor.Search.AssetIndexer:IndexProperties <0x0007a>
	  at UnityEditor.Search.AssetIndexer:IndexDocument <0x00e4a>
	  at UnityEditor.Search.SearchIndexEntryImporter:OnImportAsset <0x00169>
	  at UnityEditor.AssetImporters.ScriptedImporter:GenerateAssetData <0x00018>
	  at <Module>:runtime_invoke_void__this___object <0x00092>
=================================================================
Received signal SIGSEGV
Obtained 42 stack frames
0x00007ff7d83d5769 (Unity) CreateAssetToGUIDMappingV2
0x00007ff7d836721a (Unity) AssetDatabase::CreateAssetToGUIDMapping
0x00007ff7d7871faf (Unity) SplatDatabase::CreateTerrainLayerAsset
0x00007ff7d7870270 (Unity) SplatDatabase::ConvertSplatsToTerrainLayers
0x00007ff7d786cb3c (Unity) SplatDatabase::AwakeFromLoad
0x00007ff7d789ea26 (Unity) TerrainData::AwakeFromLoad
0x00007ff7d70db50f (Unity) AwakeFromLoadQueue::InvokePersistentManagerAwake
0x00007ff7d70dbf7c (Unity) AwakeFromLoadQueue::PersistentManagerAwakeFromLoad
0x00007ff7d70dc0e3 (Unity) AwakeFromLoadQueue::PersistentManagerAwakeFromLoad
0x00007ff7d70ae8a2 (Unity) PersistentManager::IntegrateAllThreadedObjects
0x00007ff7d70af330 (Unity) PersistentManager::LoadAndIntegrateAllPreallocatedObjects
0x00007ff7d70b3282 (Unity) PersistentManager::ReadObject
0x00007ff7d6380572 (Unity) PPtr<Object>::operator Object * __ptr64
0x00007ff7d68b830c (Unity) AssetDatabase_CUSTOM_LoadMainAssetAtPath
0x00000212095fc3aa (Mono JIT Code) (wrapper managed-to-native) UnityEditor.AssetDatabase:LoadMainAssetAtPath (string)
0x00000212095fbc9b (Mono JIT Code) UnityEditor.Search.AssetIndexer:IndexProperties (int&,string&,bool&)
0x000002120931550b (Mono JIT Code) UnityEditor.Search.AssetIndexer:IndexDocument (string,bool)
0x000002120931062a (Mono JIT Code) UnityEditor.Search.SearchIndexEntryImporter:OnImportAsset (UnityEditor.AssetImporters.AssetImportContext)
0x0000021209310499 (Mono JIT Code) UnityEditor.AssetImporters.ScriptedImporter:GenerateAssetData (UnityEditor.AssetImporters.AssetImportContext)
0x00000211c3c28f73 (Mono JIT Code) (wrapper runtime-invoke) <Module>:runtime_invoke_void__this___object (object,intptr,intptr,intptr)
0x00007ffec39fe4b4 (mono-2.0-bdwgc) [mini-runtime.c:3445] mono_jit_runtime_invoke 
0x00007ffec393e764 (mono-2.0-bdwgc) [object.c:3066] do_runtime_invoke 
0x00007ffec393e8fc (mono-2.0-bdwgc) [object.c:3113] mono_runtime_invoke 
0x00007ff7d70258c4 (Unity) scripting_method_invoke
0x00007ff7d70204e4 (Unity) ScriptingInvocation::Invoke
0x00007ff7d848ba99 (Unity) ScriptedImporter::GenerateAssetData
0x00007ff7d83966de (Unity) ImportToObjects
0x00007ff7d8395643 (Unity) ImportAsset
0x00007ff7d83b7ff2 (Unity) AssetImportWorker::Import
0x00007ff7d841d324 (Unity) <lambda_28a9dd63239995ea16631cf66756f7a6>::operator()
0x00007ff7d845e5a2 (Unity) asio::detail::completion_handler<core::mutable_function<void __cdecl(void)>,asio::io_context::basic_executor_type<std::allocator<void>,0> >::do_complete
0x00007ff7d844ab8e (Unity) asio::detail::win_iocp_io_context::do_one
0x00007ff7d844c884 (Unity) asio::detail::win_iocp_io_context::run
0x00007ff7d845cc1e (Unity) IOService::Run
0x00007ff7d842fcaf (Unity) AssetImportWorkerClient::Run
0x00007ff7d83fa533 (Unity) RunAssetImportWorkerClientV2
0x00007ff7d83fa5bb (Unity) RunAssetImporterV2
0x00007ff7d7c242f4 (Unity) Application::InitializeProject
0x00007ff7d807f5b8 (Unity) WinMain
0x00007ff7d93b28be (Unity) __scrt_common_main_seh
0x00007ffef2637bd4 (KERNEL32) BaseThreadInitThunk
0x00007ffef278ced1 (ntdll) RtlUserThreadStart

